2017-09-19T03:25:10.687Z - 6216 - verbose: [webui] starting app 
2017-09-19T03:25:10.761Z - 6216 - info: [webui] index-routes: index page
2017-09-19T03:25:10.762Z - 6216 - info: [webui] index-routes: count user
2017-09-19T03:25:10.763Z - 6216 - info: [webui] user-model: counting user
2017-09-19T03:25:10.794Z - 6216 - info: [webui] socket_io: updating liststreams table 
2017-09-19T03:25:10.795Z - 6216 - info: [webui] stream-service: updateListStreamsTable 
2017-09-19T03:25:10.796Z - 6216 - info: [webui] list-streams: updating data 
2017-09-19T03:25:10.797Z - 6216 - info: [EMS-API] building the command
2017-09-19T03:25:10.798Z - 6216 - info: [EMS-API] building the query string 
2017-09-19T03:25:10.798Z - 6216 - verbose: [EMS-API] parameters: 
2017-09-19T03:25:10.799Z - 6216 - verbose: [EMS-API] base64 parameters: 
2017-09-19T03:25:10.799Z - 6216 - info: [EMS-API] command url: [SERVERURL]/listStreams
2017-09-19T03:25:10.833Z - 6216 - verbose: [webui] restirct: checking user authentication
2017-09-19T03:25:10.844Z - 6216 - verbose: [webui] ::ffff:127.0.0.1 - - [19/Sep/2017:03:25:10 +0000] "GET /ems/api/check-connection HTTP/1.1" 302 23 "http://localhost:4100/streams" "Mozilla/5.0 (Windows NT 10.0; WOW64; rv:55.0) Gecko/20100101 Firefox/55.0"
2017-09-19T03:25:10.848Z - 6216 - info: [webui] socket_io: updating liststreams table 
2017-09-19T03:25:10.848Z - 6216 - info: [webui] stream-service: updateListStreamsTable 
2017-09-19T03:25:10.848Z - 6216 - info: [webui] list-streams: updating data 
2017-09-19T03:25:10.849Z - 6216 - info: [EMS-API] building the command
2017-09-19T03:25:10.849Z - 6216 - info: [EMS-API] building the query string 
2017-09-19T03:25:10.849Z - 6216 - verbose: [EMS-API] parameters: 
2017-09-19T03:25:10.850Z - 6216 - verbose: [EMS-API] base64 parameters: 
2017-09-19T03:25:10.851Z - 6216 - info: [EMS-API] command url: [SERVERURL]/listStreams
2017-09-19T03:25:10.873Z - 6216 - info: [webui] index-routes: index page
2017-09-19T03:25:10.873Z - 6216 - info: [webui] index-routes: count user
2017-09-19T03:25:10.878Z - 6216 - info: [webui] user-model: counting user
2017-09-19T03:25:10.893Z - 6216 - verbose: [webui] list-streams: inboundRowCollection [{"streamId":1,"streamFormat":"PULL","localStreamName":"1","sourceURI":"rtmp://webcasting.thefloridachannel.org/live/tvweb1","audioCodec":"AAAC","videoCodec":"VH264"},{"streamId":2,"streamFormat":"PULL","localStreamName":"2","sourceURI":"rtmp://webcasting.thefloridachannel.org/live/tvweb1","audioCodec":"AAAC","videoCodec":"VH264"},{"streamId":3,"streamFormat":"PULL","localStreamName":"3","sourceURI":"rtmp://webcasting.thefloridachannel.org/live/tvweb1","audioCodec":"AAAC","videoCodec":"VH264"},{"streamId":15,"streamFormat":"PULL","localStreamName":"4","sourceURI":"rtmp://webcasting.thefloridachannel.org/live/tvweb1","audioCodec":"AAAC","videoCodec":"VH264"}]
2017-09-19T03:25:10.897Z - 6216 - verbose: [webui] list-streams: outboundRowCollection []
2017-09-19T03:25:10.897Z - 6216 - verbose: [webui] list-streams: httpRowCollection [{"streamId":4,"streamFormat":"DASH","sourceStreamName":"1","groupName":"d01","audioCodec":"AAAC","videoCodec":"VH264"},{"streamId":7,"streamFormat":"DASH","sourceStreamName":"2","groupName":"d02","audioCodec":"AAAC","videoCodec":"VH264"},{"streamId":10,"streamFormat":"DASH","sourceStreamName":"1","groupName":"d011","audioCodec":"AAAC","videoCodec":"VH264"}]
2017-09-19T03:25:10.898Z - 6216 - info: [webui] list-streams: data added - {"inbound":{"rowCollection":[{"streamId":1,"streamFormat":"PULL","localStreamName":"1","sourceURI":"rtmp://webcasting.thefloridachannel.org/live/tvweb1","audioCodec":"AAAC","videoCodec":"VH264"},{"streamId":2,"streamFormat":"PULL","localStreamName":"2","sourceURI":"rtmp://webcasting.thefloridachannel.org/live/tvweb1","audioCodec":"AAAC","videoCodec":"VH264"},{"streamId":3,"streamFormat":"PULL","localStreamName":"3","sourceURI":"rtmp://webcasting.thefloridachannel.org/live/tvweb1","audioCodec":"AAAC","videoCodec":"VH264"},{"streamId":15,"streamFormat":"PULL","localStreamName":"4","sourceURI":"rtmp://webcasting.thefloridachannel.org/live/tvweb1","audioCodec":"AAAC","videoCodec":"VH264"}]},"outbound":{"rowCollection":[]},"http":{"rowCollection":[{"streamId":4,"streamFormat":"DASH","sourceStreamName":"1","groupName":"d01","audioCodec":"AAAC","videoCodec":"VH264"},{"streamId":7,"streamFormat":"DASH","sourceStreamName":"2","groupName":"d02","audioCodec":"AAAC","videoCodec":"VH264"},{"streamId":10,"streamFormat":"DASH","sourceStreamName":"1","groupName":"d011","audioCodec":"AAAC","videoCodec":"VH264"}]}}
2017-09-19T03:25:10.899Z - 6216 - verbose: [webui] socket_io: sending startListstreamsMap event response: {"inbound":{"rowCollection":[{"streamId":1,"streamFormat":"PULL","localStreamName":"1","sourceURI":"rtmp://webcasting.thefloridachannel.org/live/tvweb1","audioCodec":"AAAC","videoCodec":"VH264"},{"streamId":2,"streamFormat":"PULL","localStreamName":"2","sourceURI":"rtmp://webcasting.thefloridachannel.org/live/tvweb1","audioCodec":"AAAC","videoCodec":"VH264"},{"streamId":3,"streamFormat":"PULL","localStreamName":"3","sourceURI":"rtmp://webcasting.thefloridachannel.org/live/tvweb1","audioCodec":"AAAC","videoCodec":"VH264"},{"streamId":15,"streamFormat":"PULL","localStreamName":"4","sourceURI":"rtmp://webcasting.thefloridachannel.org/live/tvweb1","audioCodec":"AAAC","videoCodec":"VH264"}]},"outbound":{"rowCollection":[]},"http":{"rowCollection":[{"streamId":4,"streamFormat":"DASH","sourceStreamName":"1","groupName":"d01","audioCodec":"AAAC","videoCodec":"VH264"},{"streamId":7,"streamFormat":"DASH","sourceStreamName":"2","groupName":"d02","audioCodec":"AAAC","videoCodec":"VH264"},{"streamId":10,"streamFormat":"DASH","sourceStreamName":"1","groupName":"d011","audioCodec":"AAAC","videoCodec":"VH264"}]}}
2017-09-19T03:25:10.909Z - 6216 - info: [webui] socket_io: updating listconfig table 
2017-09-19T03:25:10.911Z - 6216 - info: [webui] stream-service: updateListConfigTable 
2017-09-19T03:25:10.911Z - 6216 - info: [webui] stream-service: updateListConfigTable data null
2017-09-19T03:25:10.912Z - 6216 - info: [webui] list-config: updating data 
2017-09-19T03:25:10.913Z - 6216 - info: [EMS-API] building the command
2017-09-19T03:25:10.913Z - 6216 - info: [EMS-API] building the query string 
2017-09-19T03:25:10.914Z - 6216 - verbose: [EMS-API] parameters: 
2017-09-19T03:25:10.914Z - 6216 - verbose: [EMS-API] base64 parameters: 
2017-09-19T03:25:10.915Z - 6216 - info: [EMS-API] command url: [SERVERURL]/listConfig
2017-09-19T03:25:10.931Z - 6216 - info: [webui] user-model: user count - 1
2017-09-19T03:25:10.938Z - 6216 - verbose: [webui] ::ffff:127.0.0.1 - - [19/Sep/2017:03:25:10 +0000] "GET / HTTP/1.1" 302 54 "http://localhost:4100/streams" "Mozilla/5.0 (Windows NT 10.0; WOW64; rv:55.0) Gecko/20100101 Firefox/55.0"
2017-09-19T03:25:10.952Z - 6216 - verbose: [webui] list-streams: inboundRowCollection [{"streamId":1,"streamFormat":"PULL","localStreamName":"1","sourceURI":"rtmp://webcasting.thefloridachannel.org/live/tvweb1","audioCodec":"AAAC","videoCodec":"VH264"},{"streamId":2,"streamFormat":"PULL","localStreamName":"2","sourceURI":"rtmp://webcasting.thefloridachannel.org/live/tvweb1","audioCodec":"AAAC","videoCodec":"VH264"},{"streamId":3,"streamFormat":"PULL","localStreamName":"3","sourceURI":"rtmp://webcasting.thefloridachannel.org/live/tvweb1","audioCodec":"AAAC","videoCodec":"VH264"},{"streamId":15,"streamFormat":"PULL","localStreamName":"4","sourceURI":"rtmp://webcasting.thefloridachannel.org/live/tvweb1","audioCodec":"AAAC","videoCodec":"VH264"}]
2017-09-19T03:25:10.953Z - 6216 - verbose: [webui] list-streams: outboundRowCollection []
2017-09-19T03:25:10.953Z - 6216 - verbose: [webui] list-streams: httpRowCollection [{"streamId":4,"streamFormat":"DASH","sourceStreamName":"1","groupName":"d01","audioCodec":"AAAC","videoCodec":"VH264"},{"streamId":7,"streamFormat":"DASH","sourceStreamName":"2","groupName":"d02","audioCodec":"AAAC","videoCodec":"VH264"},{"streamId":10,"streamFormat":"DASH","sourceStreamName":"1","groupName":"d011","audioCodec":"AAAC","videoCodec":"VH264"}]
2017-09-19T03:25:10.954Z - 6216 - info: [webui] list-streams: data added - {"inbound":{"rowCollection":[{"streamId":1,"streamFormat":"PULL","localStreamName":"1","sourceURI":"rtmp://webcasting.thefloridachannel.org/live/tvweb1","audioCodec":"AAAC","videoCodec":"VH264"},{"streamId":2,"streamFormat":"PULL","localStreamName":"2","sourceURI":"rtmp://webcasting.thefloridachannel.org/live/tvweb1","audioCodec":"AAAC","videoCodec":"VH264"},{"streamId":3,"streamFormat":"PULL","localStreamName":"3","sourceURI":"rtmp://webcasting.thefloridachannel.org/live/tvweb1","audioCodec":"AAAC","videoCodec":"VH264"},{"streamId":15,"streamFormat":"PULL","localStreamName":"4","sourceURI":"rtmp://webcasting.thefloridachannel.org/live/tvweb1","audioCodec":"AAAC","videoCodec":"VH264"}]},"outbound":{"rowCollection":[]},"http":{"rowCollection":[{"streamId":4,"streamFormat":"DASH","sourceStreamName":"1","groupName":"d01","audioCodec":"AAAC","videoCodec":"VH264"},{"streamId":7,"streamFormat":"DASH","sourceStreamName":"2","groupName":"d02","audioCodec":"AAAC","videoCodec":"VH264"},{"streamId":10,"streamFormat":"DASH","sourceStreamName":"1","groupName":"d011","audioCodec":"AAAC","videoCodec":"VH264"}]}}
2017-09-19T03:25:10.955Z - 6216 - verbose: [webui] socket_io: sending startListstreamsMap event response: {"inbound":{"rowCollection":[{"streamId":1,"streamFormat":"PULL","localStreamName":"1","sourceURI":"rtmp://webcasting.thefloridachannel.org/live/tvweb1","audioCodec":"AAAC","videoCodec":"VH264"},{"streamId":2,"streamFormat":"PULL","localStreamName":"2","sourceURI":"rtmp://webcasting.thefloridachannel.org/live/tvweb1","audioCodec":"AAAC","videoCodec":"VH264"},{"streamId":3,"streamFormat":"PULL","localStreamName":"3","sourceURI":"rtmp://webcasting.thefloridachannel.org/live/tvweb1","audioCodec":"AAAC","videoCodec":"VH264"},{"streamId":15,"streamFormat":"PULL","localStreamName":"4","sourceURI":"rtmp://webcasting.thefloridachannel.org/live/tvweb1","audioCodec":"AAAC","videoCodec":"VH264"}]},"outbound":{"rowCollection":[]},"http":{"rowCollection":[{"streamId":4,"streamFormat":"DASH","sourceStreamName":"1","groupName":"d01","audioCodec":"AAAC","videoCodec":"VH264"},{"streamId":7,"streamFormat":"DASH","sourceStreamName":"2","groupName":"d02","audioCodec":"AAAC","videoCodec":"VH264"},{"streamId":10,"streamFormat":"DASH","sourceStreamName":"1","groupName":"d011","audioCodec":"AAAC","videoCodec":"VH264"}]}}
2017-09-19T03:25:10.956Z - 6216 - info: [webui] socket_io: updating listconfig table 
2017-09-19T03:25:10.956Z - 6216 - info: [webui] stream-service: updateListConfigTable 
2017-09-19T03:25:10.957Z - 6216 - info: [webui] stream-service: updateListConfigTable data null
2017-09-19T03:25:10.958Z - 6216 - info: [webui] list-config: updating data 
2017-09-19T03:25:10.959Z - 6216 - info: [EMS-API] building the command
2017-09-19T03:25:10.961Z - 6216 - info: [EMS-API] building the query string 
2017-09-19T03:25:10.965Z - 6216 - verbose: [EMS-API] parameters: 
2017-09-19T03:25:10.967Z - 6216 - verbose: [EMS-API] base64 parameters: 
2017-09-19T03:25:10.968Z - 6216 - info: [EMS-API] command url: [SERVERURL]/listConfig
2017-09-19T03:25:10.975Z - 6216 - info: [webui] index-routes: login user 
2017-09-19T03:25:10.977Z - 6216 - info: [webui] user-model: counting user
2017-09-19T03:25:10.983Z - 6216 - info: [webui] list-config:  data added - {"dash":{"rowCollection":[{"configId":4,"localStreamName":"1","groupName":"d01"},{"configId":5,"localStreamName":"2","groupName":"d02"},{"configId":6,"localStreamName":"1","groupName":"d011"}]},"hds":{"rowCollection":[]},"hls":{"rowCollection":[]},"metalistener":{"rowCollection":[]},"mss":{"rowCollection":[]},"process":{"rowCollection":[]},"pull":{"rowCollection":[{"configId":1,"localStreamName":"1","sourceURI":"rtmp://webcasting.thefloridachannel.org/live/tvweb1"},{"configId":2,"localStreamName":"2","sourceURI":"rtmp://webcasting.thefloridachannel.org/live/tvweb1"},{"configId":3,"localStreamName":"3","sourceURI":"rtmp://webcasting.thefloridachannel.org/live/tvweb1"},{"configId":9,"localStreamName":"4","sourceURI":"rtmp://webcasting.thefloridachannel.org/live/tvweb1"}]},"pushEms":{"rowCollection":[]},"record":{"rowCollection":[]},"webrtc":{"rowCollection":[]}}
2017-09-19T03:25:10.985Z - 6216 - verbose: [webui] socket_io: sending startListconfigMap event response: {"dash":{"rowCollection":[{"configId":4,"localStreamName":"1","groupName":"d01"},{"configId":5,"localStreamName":"2","groupName":"d02"},{"configId":6,"localStreamName":"1","groupName":"d011"}]},"hds":{"rowCollection":[]},"hls":{"rowCollection":[]},"metalistener":{"rowCollection":[]},"mss":{"rowCollection":[]},"process":{"rowCollection":[]},"pull":{"rowCollection":[{"configId":1,"localStreamName":"1","sourceURI":"rtmp://webcasting.thefloridachannel.org/live/tvweb1"},{"configId":2,"localStreamName":"2","sourceURI":"rtmp://webcasting.thefloridachannel.org/live/tvweb1"},{"configId":3,"localStreamName":"3","sourceURI":"rtmp://webcasting.thefloridachannel.org/live/tvweb1"},{"configId":9,"localStreamName":"4","sourceURI":"rtmp://webcasting.thefloridachannel.org/live/tvweb1"}]},"pushEms":{"rowCollection":[]},"record":{"rowCollection":[]},"webrtc":{"rowCollection":[]}}
2017-09-19T03:25:10.988Z - 6216 - info: [webui] list-config:  data added - {"dash":{"rowCollection":[{"configId":4,"localStreamName":"1","groupName":"d01"},{"configId":5,"localStreamName":"2","groupName":"d02"},{"configId":6,"localStreamName":"1","groupName":"d011"}]},"hds":{"rowCollection":[]},"hls":{"rowCollection":[]},"metalistener":{"rowCollection":[]},"mss":{"rowCollection":[]},"process":{"rowCollection":[]},"pull":{"rowCollection":[{"configId":1,"localStreamName":"1","sourceURI":"rtmp://webcasting.thefloridachannel.org/live/tvweb1"},{"configId":2,"localStreamName":"2","sourceURI":"rtmp://webcasting.thefloridachannel.org/live/tvweb1"},{"configId":3,"localStreamName":"3","sourceURI":"rtmp://webcasting.thefloridachannel.org/live/tvweb1"},{"configId":9,"localStreamName":"4","sourceURI":"rtmp://webcasting.thefloridachannel.org/live/tvweb1"}]},"pushEms":{"rowCollection":[]},"record":{"rowCollection":[]},"webrtc":{"rowCollection":[]}}
2017-09-19T03:25:10.988Z - 6216 - verbose: [webui] socket_io: sending startListconfigMap event response: {"dash":{"rowCollection":[{"configId":4,"localStreamName":"1","groupName":"d01"},{"configId":5,"localStreamName":"2","groupName":"d02"},{"configId":6,"localStreamName":"1","groupName":"d011"}]},"hds":{"rowCollection":[]},"hls":{"rowCollection":[]},"metalistener":{"rowCollection":[]},"mss":{"rowCollection":[]},"process":{"rowCollection":[]},"pull":{"rowCollection":[{"configId":1,"localStreamName":"1","sourceURI":"rtmp://webcasting.thefloridachannel.org/live/tvweb1"},{"configId":2,"localStreamName":"2","sourceURI":"rtmp://webcasting.thefloridachannel.org/live/tvweb1"},{"configId":3,"localStreamName":"3","sourceURI":"rtmp://webcasting.thefloridachannel.org/live/tvweb1"},{"configId":9,"localStreamName":"4","sourceURI":"rtmp://webcasting.thefloridachannel.org/live/tvweb1"}]},"pushEms":{"rowCollection":[]},"record":{"rowCollection":[]},"webrtc":{"rowCollection":[]}}
2017-09-19T03:25:33.985Z - 6216 - info: [webui] socket_io: updating liststreams table 
2017-09-19T03:25:33.986Z - 6216 - info: [webui] stream-service: updateListStreamsTable 
2017-09-19T03:25:33.986Z - 6216 - info: [webui] list-streams: updating data 
2017-09-19T03:25:33.986Z - 6216 - info: [EMS-API] building the command
2017-09-19T03:25:33.987Z - 6216 - info: [EMS-API] building the query string 
2017-09-19T03:25:33.988Z - 6216 - verbose: [EMS-API] parameters: 
2017-09-19T03:25:33.989Z - 6216 - verbose: [EMS-API] base64 parameters: 
2017-09-19T03:25:33.990Z - 6216 - info: [EMS-API] command url: [SERVERURL]/listStreams
2017-09-19T03:25:34.006Z - 6216 - verbose: [webui] list-streams: inboundRowCollection [{"streamId":1,"streamFormat":"PULL","localStreamName":"1","sourceURI":"rtmp://webcasting.thefloridachannel.org/live/tvweb1","audioCodec":"AAAC","videoCodec":"VH264"},{"streamId":2,"streamFormat":"PULL","localStreamName":"2","sourceURI":"rtmp://webcasting.thefloridachannel.org/live/tvweb1","audioCodec":"AAAC","videoCodec":"VH264"},{"streamId":3,"streamFormat":"PULL","localStreamName":"3","sourceURI":"rtmp://webcasting.thefloridachannel.org/live/tvweb1","audioCodec":"AAAC","videoCodec":"VH264"},{"streamId":15,"streamFormat":"PULL","localStreamName":"4","sourceURI":"rtmp://webcasting.thefloridachannel.org/live/tvweb1","audioCodec":"AAAC","videoCodec":"VH264"}]
2017-09-19T03:25:34.008Z - 6216 - verbose: [webui] list-streams: outboundRowCollection []
2017-09-19T03:25:34.009Z - 6216 - verbose: [webui] list-streams: httpRowCollection [{"streamId":4,"streamFormat":"DASH","sourceStreamName":"1","groupName":"d01","audioCodec":"AAAC","videoCodec":"VH264"},{"streamId":7,"streamFormat":"DASH","sourceStreamName":"2","groupName":"d02","audioCodec":"AAAC","videoCodec":"VH264"},{"streamId":10,"streamFormat":"DASH","sourceStreamName":"1","groupName":"d011","audioCodec":"AAAC","videoCodec":"VH264"}]
2017-09-19T03:25:34.010Z - 6216 - info: [webui] list-streams: data added - {"inbound":{"rowCollection":[{"streamId":1,"streamFormat":"PULL","localStreamName":"1","sourceURI":"rtmp://webcasting.thefloridachannel.org/live/tvweb1","audioCodec":"AAAC","videoCodec":"VH264"},{"streamId":2,"streamFormat":"PULL","localStreamName":"2","sourceURI":"rtmp://webcasting.thefloridachannel.org/live/tvweb1","audioCodec":"AAAC","videoCodec":"VH264"},{"streamId":3,"streamFormat":"PULL","localStreamName":"3","sourceURI":"rtmp://webcasting.thefloridachannel.org/live/tvweb1","audioCodec":"AAAC","videoCodec":"VH264"},{"streamId":15,"streamFormat":"PULL","localStreamName":"4","sourceURI":"rtmp://webcasting.thefloridachannel.org/live/tvweb1","audioCodec":"AAAC","videoCodec":"VH264"}]},"outbound":{"rowCollection":[]},"http":{"rowCollection":[{"streamId":4,"streamFormat":"DASH","sourceStreamName":"1","groupName":"d01","audioCodec":"AAAC","videoCodec":"VH264"},{"streamId":7,"streamFormat":"DASH","sourceStreamName":"2","groupName":"d02","audioCodec":"AAAC","videoCodec":"VH264"},{"streamId":10,"streamFormat":"DASH","sourceStreamName":"1","groupName":"d011","audioCodec":"AAAC","videoCodec":"VH264"}]}}
2017-09-19T03:25:34.011Z - 6216 - verbose: [webui] socket_io: sending startListstreamsMap event response: {"inbound":{"rowCollection":[{"streamId":1,"streamFormat":"PULL","localStreamName":"1","sourceURI":"rtmp://webcasting.thefloridachannel.org/live/tvweb1","audioCodec":"AAAC","videoCodec":"VH264"},{"streamId":2,"streamFormat":"PULL","localStreamName":"2","sourceURI":"rtmp://webcasting.thefloridachannel.org/live/tvweb1","audioCodec":"AAAC","videoCodec":"VH264"},{"streamId":3,"streamFormat":"PULL","localStreamName":"3","sourceURI":"rtmp://webcasting.thefloridachannel.org/live/tvweb1","audioCodec":"AAAC","videoCodec":"VH264"},{"streamId":15,"streamFormat":"PULL","localStreamName":"4","sourceURI":"rtmp://webcasting.thefloridachannel.org/live/tvweb1","audioCodec":"AAAC","videoCodec":"VH264"}]},"outbound":{"rowCollection":[]},"http":{"rowCollection":[{"streamId":4,"streamFormat":"DASH","sourceStreamName":"1","groupName":"d01","audioCodec":"AAAC","videoCodec":"VH264"},{"streamId":7,"streamFormat":"DASH","sourceStreamName":"2","groupName":"d02","audioCodec":"AAAC","videoCodec":"VH264"},{"streamId":10,"streamFormat":"DASH","sourceStreamName":"1","groupName":"d011","audioCodec":"AAAC","videoCodec":"VH264"}]}}
2017-09-19T03:25:34.013Z - 6216 - info: [webui] socket_io: updating listconfig table 
2017-09-19T03:25:34.014Z - 6216 - info: [webui] stream-service: updateListConfigTable 
2017-09-19T03:25:34.014Z - 6216 - info: [webui] stream-service: updateListConfigTable data null
2017-09-19T03:25:34.016Z - 6216 - info: [webui] list-config: updating data 
2017-09-19T03:25:34.017Z - 6216 - info: [EMS-API] building the command
2017-09-19T03:25:34.018Z - 6216 - info: [EMS-API] building the query string 
2017-09-19T03:25:34.019Z - 6216 - verbose: [EMS-API] parameters: 
2017-09-19T03:25:34.019Z - 6216 - verbose: [EMS-API] base64 parameters: 
2017-09-19T03:25:34.020Z - 6216 - info: [EMS-API] command url: [SERVERURL]/listConfig
2017-09-19T03:25:34.031Z - 6216 - info: [webui] list-config:  data added - {"dash":{"rowCollection":[{"configId":4,"localStreamName":"1","groupName":"d01"},{"configId":5,"localStreamName":"2","groupName":"d02"},{"configId":6,"localStreamName":"1","groupName":"d011"}]},"hds":{"rowCollection":[]},"hls":{"rowCollection":[]},"metalistener":{"rowCollection":[]},"mss":{"rowCollection":[]},"process":{"rowCollection":[]},"pull":{"rowCollection":[{"configId":1,"localStreamName":"1","sourceURI":"rtmp://webcasting.thefloridachannel.org/live/tvweb1"},{"configId":2,"localStreamName":"2","sourceURI":"rtmp://webcasting.thefloridachannel.org/live/tvweb1"},{"configId":3,"localStreamName":"3","sourceURI":"rtmp://webcasting.thefloridachannel.org/live/tvweb1"},{"configId":9,"localStreamName":"4","sourceURI":"rtmp://webcasting.thefloridachannel.org/live/tvweb1"}]},"pushEms":{"rowCollection":[]},"record":{"rowCollection":[]},"webrtc":{"rowCollection":[]}}
2017-09-19T03:25:34.031Z - 6216 - verbose: [webui] socket_io: sending startListconfigMap event response: {"dash":{"rowCollection":[{"configId":4,"localStreamName":"1","groupName":"d01"},{"configId":5,"localStreamName":"2","groupName":"d02"},{"configId":6,"localStreamName":"1","groupName":"d011"}]},"hds":{"rowCollection":[]},"hls":{"rowCollection":[]},"metalistener":{"rowCollection":[]},"mss":{"rowCollection":[]},"process":{"rowCollection":[]},"pull":{"rowCollection":[{"configId":1,"localStreamName":"1","sourceURI":"rtmp://webcasting.thefloridachannel.org/live/tvweb1"},{"configId":2,"localStreamName":"2","sourceURI":"rtmp://webcasting.thefloridachannel.org/live/tvweb1"},{"configId":3,"localStreamName":"3","sourceURI":"rtmp://webcasting.thefloridachannel.org/live/tvweb1"},{"configId":9,"localStreamName":"4","sourceURI":"rtmp://webcasting.thefloridachannel.org/live/tvweb1"}]},"pushEms":{"rowCollection":[]},"record":{"rowCollection":[]},"webrtc":{"rowCollection":[]}}
2017-09-19T03:25:40.016Z - 6216 - verbose: [webui] ::1 - - [19/Sep/2017:03:25:40 +0000] "GET / HTTP/1.1" - - "http://localhost:4100/streams" "Mozilla/5.0 (Windows NT 10.0; WOW64; rv:55.0) Gecko/20100101 Firefox/55.0"
2017-09-19T03:25:41.963Z - 6216 - verbose: [webui] ::ffff:127.0.0.1 - - [19/Sep/2017:03:25:41 +0000] "GET /login HTTP/1.1" - - "http://localhost:4100/streams" "Mozilla/5.0 (Windows NT 10.0; WOW64; rv:55.0) Gecko/20100101 Firefox/55.0"
