2017-09-19T03:03:32.000Z - 6220 - verbose: [webui] starting app 
2017-09-19T03:03:38.810Z - 6220 - info: [webui] streams-route: update-list 
2017-09-19T03:03:38.810Z - 6220 - verbose: [webui] streams-route: update-list data - {"id":1,"payload":{"PID":7424,"appName":"evostreamms","audio":{"aveAudioBitRate":0,"bytesCount":0,"codec":"AUNK","codecNumeric":4707755069515235000,"currAudioBitRate":0,"droppedBytesCount":0,"droppedPacketsCount":0,"packetsCount":0},"bandwidth":0,"connectionType":1,"creationTimestamp":1505790218725.981,"customData":null,"farIp":"107.21.107.19","farPort":1935,"ip":"192.168.2.196","name":"3","nearIp":"192.168.2.196","nearPort":65413,"outStreamsUniqueIds":null,"pageUrl":"","port":65413,"processId":7424,"processType":"origin","pullSettings":{"_callback":null,"audioCodecBytes":"","configId":3,"emulateUserAgent":"EvoStream Media Server (www.evostream.com) player","forceTcp":false,"httpProxy":"","httpStreamType":"ts","isAudio":true,"keepAlive":true,"localStreamName":"3","operationType":1,"pageUrl":"","ppsBytes":"","rangeEnd":-1,"rangeStart":-2,"rtcpDetectionInterval":10,"saveToConfig":true,"sendDummyPayload":false,"sendRenewStream":false,"spsBytes":"","ssmIp":"","swfUrl":"","tcUrl":"","tos":256,"ttl":256,"uri":"rtmp://webcasting.thefloridachannel.org/live/tvweb1","videoSourceIndex":"high"},"queryTimestamp":1505790218725.981,"serverAgent":"FMS/3,5,7,7009","swfUrl":"rtmp://webcasting.thefloridachannel.org/live/tvweb1","tcUrl":"rtmp://webcasting.thefloridachannel.org/live/tvweb1","type":"INR","typeNumeric":5282249572905648000,"uniqueId":1,"upTime":0,"video":{"aveFrameRate":0,"aveKeyFramesPerSec":0,"aveVideoBitRate":0,"bytesCount":0,"codec":"VUNK","codecNumeric":6220964544311722000,"currFrameRate":0,"currKeyFramesPerSec":0,"currVideoBitRate":0,"droppedBytesCount":0,"droppedPacketsCount":0,"height":0,"level":0,"packetsCount":0,"profile":0,"width":0}},"processId":7424,"timestamp":1505790218,"type":"inStreamCreated"}
2017-09-19T03:03:38.825Z - 6220 - info: [webui] stream-service: updateListConfigTable 
2017-09-19T03:03:38.825Z - 6220 - info: [webui] stream-service: updateListConfigTable data {"id":1,"payload":{"PID":7424,"appName":"evostreamms","audio":{"aveAudioBitRate":0,"bytesCount":0,"codec":"AUNK","codecNumeric":4707755069515235000,"currAudioBitRate":0,"droppedBytesCount":0,"droppedPacketsCount":0,"packetsCount":0},"bandwidth":0,"connectionType":1,"creationTimestamp":1505790218725.981,"customData":null,"farIp":"107.21.107.19","farPort":1935,"ip":"192.168.2.196","name":"3","nearIp":"192.168.2.196","nearPort":65413,"outStreamsUniqueIds":null,"pageUrl":"","port":65413,"processId":7424,"processType":"origin","pullSettings":{"_callback":null,"audioCodecBytes":"","configId":3,"emulateUserAgent":"EvoStream Media Server (www.evostream.com) player","forceTcp":false,"httpProxy":"","httpStreamType":"ts","isAudio":true,"keepAlive":true,"localStreamName":"3","operationType":1,"pageUrl":"","ppsBytes":"","rangeEnd":-1,"rangeStart":-2,"rtcpDetectionInterval":10,"saveToConfig":true,"sendDummyPayload":false,"sendRenewStream":false,"spsBytes":"","ssmIp":"","swfUrl":"","tcUrl":"","tos":256,"ttl":256,"uri":"rtmp://webcasting.thefloridachannel.org/live/tvweb1","videoSourceIndex":"high"},"queryTimestamp":1505790218725.981,"serverAgent":"FMS/3,5,7,7009","swfUrl":"rtmp://webcasting.thefloridachannel.org/live/tvweb1","tcUrl":"rtmp://webcasting.thefloridachannel.org/live/tvweb1","type":"INR","typeNumeric":5282249572905648000,"uniqueId":1,"upTime":0,"video":{"aveFrameRate":0,"aveKeyFramesPerSec":0,"aveVideoBitRate":0,"bytesCount":0,"codec":"VUNK","codecNumeric":6220964544311722000,"currFrameRate":0,"currKeyFramesPerSec":0,"currVideoBitRate":0,"droppedBytesCount":0,"droppedPacketsCount":0,"height":0,"level":0,"packetsCount":0,"profile":0,"width":0}},"processId":7424,"timestamp":1505790218,"type":"inStreamCreated"}
2017-09-19T03:03:38.825Z - 6220 - verbose: [webui] stream-service: updateListConfigTable eventType inStreamCreated
2017-09-19T03:03:38.825Z - 6220 - info: [webui] list-config: updating data 
2017-09-19T03:03:38.825Z - 6220 - info: [webui] streams-route: update-list 
2017-09-19T03:03:38.825Z - 6220 - verbose: [webui] streams-route: update-list data - {"id":2,"payload":{"PID":7424,"appName":"evostreamms","audio":{"aveAudioBitRate":0,"bytesCount":0,"codec":"AUNK","codecNumeric":4707755069515235000,"currAudioBitRate":0,"droppedBytesCount":0,"droppedPacketsCount":0,"packetsCount":0},"bandwidth":0,"connectionType":1,"creationTimestamp":1505790218725.981,"customData":null,"farIp":"107.21.107.19","farPort":1935,"ip":"192.168.2.196","name":"2","nearIp":"192.168.2.196","nearPort":65412,"outStreamsUniqueIds":null,"pageUrl":"","port":65412,"processId":7424,"processType":"origin","pullSettings":{"_callback":null,"audioCodecBytes":"","configId":2,"emulateUserAgent":"EvoStream Media Server (www.evostream.com) player","forceTcp":false,"httpProxy":"","httpStreamType":"ts","isAudio":true,"keepAlive":true,"localStreamName":"2","operationType":1,"pageUrl":"","ppsBytes":"","rangeEnd":-1,"rangeStart":-2,"rtcpDetectionInterval":10,"saveToConfig":true,"sendDummyPayload":false,"sendRenewStream":false,"spsBytes":"","ssmIp":"","swfUrl":"","tcUrl":"","tos":256,"ttl":256,"uri":"rtmp://webcasting.thefloridachannel.org/live/tvweb1","videoSourceIndex":"high"},"queryTimestamp":1505790218725.981,"serverAgent":"FMS/3,5,7,7009","swfUrl":"rtmp://webcasting.thefloridachannel.org/live/tvweb1","tcUrl":"rtmp://webcasting.thefloridachannel.org/live/tvweb1","type":"INR","typeNumeric":5282249572905648000,"uniqueId":2,"upTime":0,"video":{"aveFrameRate":0,"aveKeyFramesPerSec":0,"aveVideoBitRate":0,"bytesCount":0,"codec":"VUNK","codecNumeric":6220964544311722000,"currFrameRate":0,"currKeyFramesPerSec":0,"currVideoBitRate":0,"droppedBytesCount":0,"droppedPacketsCount":0,"height":0,"level":0,"packetsCount":0,"profile":0,"width":0}},"processId":7424,"timestamp":1505790218,"type":"inStreamCreated"}
2017-09-19T03:03:38.825Z - 6220 - info: [webui] stream-service: updateListConfigTable 
2017-09-19T03:03:38.825Z - 6220 - info: [webui] stream-service: updateListConfigTable data {"id":2,"payload":{"PID":7424,"appName":"evostreamms","audio":{"aveAudioBitRate":0,"bytesCount":0,"codec":"AUNK","codecNumeric":4707755069515235000,"currAudioBitRate":0,"droppedBytesCount":0,"droppedPacketsCount":0,"packetsCount":0},"bandwidth":0,"connectionType":1,"creationTimestamp":1505790218725.981,"customData":null,"farIp":"107.21.107.19","farPort":1935,"ip":"192.168.2.196","name":"2","nearIp":"192.168.2.196","nearPort":65412,"outStreamsUniqueIds":null,"pageUrl":"","port":65412,"processId":7424,"processType":"origin","pullSettings":{"_callback":null,"audioCodecBytes":"","configId":2,"emulateUserAgent":"EvoStream Media Server (www.evostream.com) player","forceTcp":false,"httpProxy":"","httpStreamType":"ts","isAudio":true,"keepAlive":true,"localStreamName":"2","operationType":1,"pageUrl":"","ppsBytes":"","rangeEnd":-1,"rangeStart":-2,"rtcpDetectionInterval":10,"saveToConfig":true,"sendDummyPayload":false,"sendRenewStream":false,"spsBytes":"","ssmIp":"","swfUrl":"","tcUrl":"","tos":256,"ttl":256,"uri":"rtmp://webcasting.thefloridachannel.org/live/tvweb1","videoSourceIndex":"high"},"queryTimestamp":1505790218725.981,"serverAgent":"FMS/3,5,7,7009","swfUrl":"rtmp://webcasting.thefloridachannel.org/live/tvweb1","tcUrl":"rtmp://webcasting.thefloridachannel.org/live/tvweb1","type":"INR","typeNumeric":5282249572905648000,"uniqueId":2,"upTime":0,"video":{"aveFrameRate":0,"aveKeyFramesPerSec":0,"aveVideoBitRate":0,"bytesCount":0,"codec":"VUNK","codecNumeric":6220964544311722000,"currFrameRate":0,"currKeyFramesPerSec":0,"currVideoBitRate":0,"droppedBytesCount":0,"droppedPacketsCount":0,"height":0,"level":0,"packetsCount":0,"profile":0,"width":0}},"processId":7424,"timestamp":1505790218,"type":"inStreamCreated"}
2017-09-19T03:03:38.825Z - 6220 - verbose: [webui] stream-service: updateListConfigTable eventType inStreamCreated
2017-09-19T03:03:38.825Z - 6220 - info: [webui] list-config: updating data 
2017-09-19T03:03:39.396Z - 6220 - info: [webui] streams-route: update-list 
2017-09-19T03:03:39.396Z - 6220 - verbose: [webui] streams-route: update-list data - {"id":3,"payload":{"PID":7424,"appName":"evostreamms","audio":{"aveAudioBitRate":0,"bytesCount":0,"codec":"AUNK","codecNumeric":4707755069515235000,"currAudioBitRate":0,"droppedBytesCount":0,"droppedPacketsCount":0,"packetsCount":0},"bandwidth":0,"connectionType":1,"creationTimestamp":1505790219343.03,"customData":null,"farIp":"107.21.107.19","farPort":1935,"ip":"192.168.2.196","name":"1","nearIp":"192.168.2.196","nearPort":65411,"outStreamsUniqueIds":null,"pageUrl":"","port":65411,"processId":7424,"processType":"origin","pullSettings":{"_callback":null,"audioCodecBytes":"","configId":1,"emulateUserAgent":"EvoStream Media Server (www.evostream.com) player","forceTcp":false,"httpProxy":"","httpStreamType":"ts","isAudio":true,"keepAlive":true,"localStreamName":"1","operationType":1,"pageUrl":"","ppsBytes":"","rangeEnd":-1,"rangeStart":-2,"rtcpDetectionInterval":10,"saveToConfig":true,"sendDummyPayload":false,"sendRenewStream":false,"spsBytes":"","ssmIp":"","swfUrl":"","tcUrl":"","tos":256,"ttl":256,"uri":"rtmp://webcasting.thefloridachannel.org/live/tvweb1","videoSourceIndex":"high"},"queryTimestamp":1505790219358.632,"serverAgent":"FMS/3,5,7,7009","swfUrl":"rtmp://webcasting.thefloridachannel.org/live/tvweb1","tcUrl":"rtmp://webcasting.thefloridachannel.org/live/tvweb1","type":"INR","typeNumeric":5282249572905648000,"uniqueId":3,"upTime":15.6021,"video":{"aveFrameRate":0,"aveKeyFramesPerSec":0,"aveVideoBitRate":0,"bytesCount":0,"codec":"VUNK","codecNumeric":6220964544311722000,"currFrameRate":0,"currKeyFramesPerSec":0,"currVideoBitRate":0,"droppedBytesCount":0,"droppedPacketsCount":0,"height":0,"level":0,"packetsCount":0,"profile":0,"width":0}},"processId":7424,"timestamp":1505790219,"type":"inStreamCreated"}
2017-09-19T03:03:39.396Z - 6220 - info: [webui] stream-service: updateListConfigTable 
2017-09-19T03:03:39.396Z - 6220 - info: [webui] stream-service: updateListConfigTable data {"id":3,"payload":{"PID":7424,"appName":"evostreamms","audio":{"aveAudioBitRate":0,"bytesCount":0,"codec":"AUNK","codecNumeric":4707755069515235000,"currAudioBitRate":0,"droppedBytesCount":0,"droppedPacketsCount":0,"packetsCount":0},"bandwidth":0,"connectionType":1,"creationTimestamp":1505790219343.03,"customData":null,"farIp":"107.21.107.19","farPort":1935,"ip":"192.168.2.196","name":"1","nearIp":"192.168.2.196","nearPort":65411,"outStreamsUniqueIds":null,"pageUrl":"","port":65411,"processId":7424,"processType":"origin","pullSettings":{"_callback":null,"audioCodecBytes":"","configId":1,"emulateUserAgent":"EvoStream Media Server (www.evostream.com) player","forceTcp":false,"httpProxy":"","httpStreamType":"ts","isAudio":true,"keepAlive":true,"localStreamName":"1","operationType":1,"pageUrl":"","ppsBytes":"","rangeEnd":-1,"rangeStart":-2,"rtcpDetectionInterval":10,"saveToConfig":true,"sendDummyPayload":false,"sendRenewStream":false,"spsBytes":"","ssmIp":"","swfUrl":"","tcUrl":"","tos":256,"ttl":256,"uri":"rtmp://webcasting.thefloridachannel.org/live/tvweb1","videoSourceIndex":"high"},"queryTimestamp":1505790219358.632,"serverAgent":"FMS/3,5,7,7009","swfUrl":"rtmp://webcasting.thefloridachannel.org/live/tvweb1","tcUrl":"rtmp://webcasting.thefloridachannel.org/live/tvweb1","type":"INR","typeNumeric":5282249572905648000,"uniqueId":3,"upTime":15.6021,"video":{"aveFrameRate":0,"aveKeyFramesPerSec":0,"aveVideoBitRate":0,"bytesCount":0,"codec":"VUNK","codecNumeric":6220964544311722000,"currFrameRate":0,"currKeyFramesPerSec":0,"currVideoBitRate":0,"droppedBytesCount":0,"droppedPacketsCount":0,"height":0,"level":0,"packetsCount":0,"profile":0,"width":0}},"processId":7424,"timestamp":1505790219,"type":"inStreamCreated"}
2017-09-19T03:03:39.396Z - 6220 - verbose: [webui] stream-service: updateListConfigTable eventType inStreamCreated
2017-09-19T03:03:39.396Z - 6220 - info: [webui] list-config: updating data 
2017-09-19T03:03:42.183Z - 6220 - info: [webui] index-routes: index page
2017-09-19T03:03:42.183Z - 6220 - info: [webui] index-routes: count user
2017-09-19T03:03:42.183Z - 6220 - info: [webui] user-model: counting user
2017-09-19T03:03:42.204Z - 6220 - info: [webui] user-model: user count - 1
2017-09-19T03:03:42.205Z - 6220 - verbose: [webui] ::1 - - [19/Sep/2017:03:03:42 +0000] "GET / HTTP/1.1" 302 54 "http://localhost:4100/dashboard" "Mozilla/5.0 (Windows NT 10.0; WOW64; rv:55.0) Gecko/20100101 Firefox/55.0"
2017-09-19T03:03:42.220Z - 6220 - info: [webui] index-routes: login user 
2017-09-19T03:03:42.220Z - 6220 - info: [webui] user-model: counting user
2017-09-19T03:03:42.220Z - 6220 - info: [webui] user-model: user count - 1
2017-09-19T03:03:42.352Z - 6220 - verbose: [webui] ::1 - - [19/Sep/2017:03:03:42 +0000] "GET /login HTTP/1.1" 200 6174 "http://localhost:4100/dashboard" "Mozilla/5.0 (Windows NT 10.0; WOW64; rv:55.0) Gecko/20100101 Firefox/55.0"
2017-09-19T03:03:42.383Z - 6220 - verbose: [webui] ::1 - - [19/Sep/2017:03:03:42 +0000] "GET /css/bootstrap.css HTTP/1.1" 304 - "http://localhost:4100/login" "Mozilla/5.0 (Windows NT 10.0; WOW64; rv:55.0) Gecko/20100101 Firefox/55.0"
2017-09-19T03:03:42.401Z - 6220 - verbose: [webui] ::1 - - [19/Sep/2017:03:03:42 +0000] "GET /css/bootstrap-social.css HTTP/1.1" 304 - "http://localhost:4100/login" "Mozilla/5.0 (Windows NT 10.0; WOW64; rv:55.0) Gecko/20100101 Firefox/55.0"
2017-09-19T03:03:42.406Z - 6220 - verbose: [webui] ::1 - - [19/Sep/2017:03:03:42 +0000] "GET /css/font-awesome/css/font-awesome.css HTTP/1.1" 304 - "http://localhost:4100/login" "Mozilla/5.0 (Windows NT 10.0; WOW64; rv:55.0) Gecko/20100101 Firefox/55.0"
2017-09-19T03:03:42.406Z - 6220 - verbose: [webui] ::1 - - [19/Sep/2017:03:03:42 +0000] "GET /js/bootstrap.min.js HTTP/1.1" 304 - "http://localhost:4100/login" "Mozilla/5.0 (Windows NT 10.0; WOW64; rv:55.0) Gecko/20100101 Firefox/55.0"
2017-09-19T03:03:42.406Z - 6220 - verbose: [webui] ::1 - - [19/Sep/2017:03:03:42 +0000] "GET /css/login-style.css HTTP/1.1" 304 - "http://localhost:4100/login" "Mozilla/5.0 (Windows NT 10.0; WOW64; rv:55.0) Gecko/20100101 Firefox/55.0"
2017-09-19T03:03:42.406Z - 6220 - verbose: [webui] ::1 - - [19/Sep/2017:03:03:42 +0000] "GET /js/app/webui-app-login.js HTTP/1.1" 304 - "http://localhost:4100/login" "Mozilla/5.0 (Windows NT 10.0; WOW64; rv:55.0) Gecko/20100101 Firefox/55.0"
2017-09-19T03:03:42.406Z - 6220 - verbose: [webui] ::1 - - [19/Sep/2017:03:03:42 +0000] "GET /images/logo.png HTTP/1.1" 304 - "http://localhost:4100/login" "Mozilla/5.0 (Windows NT 10.0; WOW64; rv:55.0) Gecko/20100101 Firefox/55.0"
2017-09-19T03:03:42.406Z - 6220 - verbose: [webui] ::1 - - [19/Sep/2017:03:03:42 +0000] "GET /images/dashboard-icon.png HTTP/1.1" 304 - "http://localhost:4100/login" "Mozilla/5.0 (Windows NT 10.0; WOW64; rv:55.0) Gecko/20100101 Firefox/55.0"
2017-09-19T03:03:42.406Z - 6220 - verbose: [webui] ::1 - - [19/Sep/2017:03:03:42 +0000] "GET /images/manage-icon.png HTTP/1.1" 304 - "http://localhost:4100/login" "Mozilla/5.0 (Windows NT 10.0; WOW64; rv:55.0) Gecko/20100101 Firefox/55.0"
2017-09-19T03:03:42.406Z - 6220 - verbose: [webui] ::1 - - [19/Sep/2017:03:03:42 +0000] "GET /images/api-icon.png HTTP/1.1" 304 - "http://localhost:4100/login" "Mozilla/5.0 (Windows NT 10.0; WOW64; rv:55.0) Gecko/20100101 Firefox/55.0"
2017-09-19T03:03:42.421Z - 6220 - verbose: [webui] ::1 - - [19/Sep/2017:03:03:42 +0000] "GET /images/fav-icon.ico HTTP/1.1" 304 - "-" "Mozilla/5.0 (Windows NT 10.0; WOW64; rv:55.0) Gecko/20100101 Firefox/55.0"
2017-09-19T03:03:43.657Z - 6220 - info: [webui] index-routes: post request for login user 
2017-09-19T03:03:43.657Z - 6220 - info: [webui] passport: checking user qwerty01.evostream@gmail.com
2017-09-19T03:03:43.657Z - 6220 - info: [webui] user-model: finding user - qwerty01.evostream@gmail.com
2017-09-19T03:03:43.785Z - 6220 - info: [webui] passport: serialize user 
2017-09-19T03:03:43.802Z - 6220 - verbose: [webui] ::1 - - [19/Sep/2017:03:03:43 +0000] "POST /login HTTP/1.1" 302 64 "http://localhost:4100/login" "Mozilla/5.0 (Windows NT 10.0; WOW64; rv:55.0) Gecko/20100101 Firefox/55.0"
2017-09-19T03:03:43.806Z - 6220 - info: [webui] passport: deserialize user
2017-09-19T03:03:43.806Z - 6220 - info: [webui] user-model: finding user - qwerty01.evostream@gmail.com
2017-09-19T03:03:43.806Z - 6220 - verbose: [webui] restirct: checking user authentication
2017-09-19T03:03:43.806Z - 6220 - info: [webui] dashboard: index page
2017-09-19T03:03:43.806Z - 6220 - verbose: [webui] ::1 - - [19/Sep/2017:03:03:43 +0000] "GET /dashboard HTTP/1.1" 200 18872 "http://localhost:4100/login" "Mozilla/5.0 (Windows NT 10.0; WOW64; rv:55.0) Gecko/20100101 Firefox/55.0"
2017-09-19T03:03:43.853Z - 6220 - verbose: [webui] ::1 - - [19/Sep/2017:03:03:43 +0000] "GET /css/bootstrap.css HTTP/1.1" 304 - "http://localhost:4100/dashboard" "Mozilla/5.0 (Windows NT 10.0; WOW64; rv:55.0) Gecko/20100101 Firefox/55.0"
2017-09-19T03:03:43.862Z - 6220 - verbose: [webui] ::1 - - [19/Sep/2017:03:03:43 +0000] "GET /css/bootstrap-social.css HTTP/1.1" 304 - "http://localhost:4100/dashboard" "Mozilla/5.0 (Windows NT 10.0; WOW64; rv:55.0) Gecko/20100101 Firefox/55.0"
2017-09-19T03:03:43.865Z - 6220 - verbose: [webui] ::1 - - [19/Sep/2017:03:03:43 +0000] "GET /css/font-awesome/css/font-awesome.css HTTP/1.1" 304 - "http://localhost:4100/dashboard" "Mozilla/5.0 (Windows NT 10.0; WOW64; rv:55.0) Gecko/20100101 Firefox/55.0"
2017-09-19T03:03:43.869Z - 6220 - verbose: [webui] ::1 - - [19/Sep/2017:03:03:43 +0000] "GET /css/sb-admin.css HTTP/1.1" 304 - "http://localhost:4100/dashboard" "Mozilla/5.0 (Windows NT 10.0; WOW64; rv:55.0) Gecko/20100101 Firefox/55.0"
2017-09-19T03:03:43.872Z - 6220 - verbose: [webui] ::1 - - [19/Sep/2017:03:03:43 +0000] "GET /css/bootstrap-table.css HTTP/1.1" 304 - "http://localhost:4100/dashboard" "Mozilla/5.0 (Windows NT 10.0; WOW64; rv:55.0) Gecko/20100101 Firefox/55.0"
2017-09-19T03:03:43.873Z - 6220 - verbose: [webui] ::1 - - [19/Sep/2017:03:03:43 +0000] "GET /css/ladda-themeless.min.css HTTP/1.1" 304 - "http://localhost:4100/dashboard" "Mozilla/5.0 (Windows NT 10.0; WOW64; rv:55.0) Gecko/20100101 Firefox/55.0"
2017-09-19T03:03:43.882Z - 6220 - verbose: [webui] ::1 - - [19/Sep/2017:03:03:43 +0000] "GET /css/admin-style.css HTTP/1.1" 304 - "http://localhost:4100/dashboard" "Mozilla/5.0 (Windows NT 10.0; WOW64; rv:55.0) Gecko/20100101 Firefox/55.0"
2017-09-19T03:03:43.883Z - 6220 - verbose: [webui] ::1 - - [19/Sep/2017:03:03:43 +0000] "GET /js/bootstrap.min.js HTTP/1.1" 304 - "http://localhost:4100/dashboard" "Mozilla/5.0 (Windows NT 10.0; WOW64; rv:55.0) Gecko/20100101 Firefox/55.0"
2017-09-19T03:03:43.886Z - 6220 - verbose: [webui] ::1 - - [19/Sep/2017:03:03:43 +0000] "GET /js/bootstrap-ui.js HTTP/1.1" 304 - "http://localhost:4100/dashboard" "Mozilla/5.0 (Windows NT 10.0; WOW64; rv:55.0) Gecko/20100101 Firefox/55.0"
2017-09-19T03:03:43.889Z - 6220 - verbose: [webui] ::1 - - [19/Sep/2017:03:03:43 +0000] "GET /js/bootstrap-table.js HTTP/1.1" 304 - "http://localhost:4100/dashboard" "Mozilla/5.0 (Windows NT 10.0; WOW64; rv:55.0) Gecko/20100101 Firefox/55.0"
2017-09-19T03:03:43.891Z - 6220 - verbose: [webui] ::1 - - [19/Sep/2017:03:03:43 +0000] "GET /js/bootstrap-table-angular.js HTTP/1.1" 304 - "http://localhost:4100/dashboard" "Mozilla/5.0 (Windows NT 10.0; WOW64; rv:55.0) Gecko/20100101 Firefox/55.0"
2017-09-19T03:03:43.893Z - 6220 - verbose: [webui] ::1 - - [19/Sep/2017:03:03:43 +0000] "GET /js/angular-base64.min.js HTTP/1.1" 304 - "http://localhost:4100/dashboard" "Mozilla/5.0 (Windows NT 10.0; WOW64; rv:55.0) Gecko/20100101 Firefox/55.0"
2017-09-19T03:03:43.901Z - 6220 - verbose: [webui] ::1 - - [19/Sep/2017:03:03:43 +0000] "GET /js/spin.min.js HTTP/1.1" 304 - "http://localhost:4100/dashboard" "Mozilla/5.0 (Windows NT 10.0; WOW64; rv:55.0) Gecko/20100101 Firefox/55.0"
2017-09-19T03:03:43.902Z - 6220 - verbose: [webui] ::1 - - [19/Sep/2017:03:03:43 +0000] "GET /js/ladda.min.js HTTP/1.1" 304 - "http://localhost:4100/dashboard" "Mozilla/5.0 (Windows NT 10.0; WOW64; rv:55.0) Gecko/20100101 Firefox/55.0"
2017-09-19T03:03:43.904Z - 6220 - verbose: [webui] ::1 - - [19/Sep/2017:03:03:43 +0000] "GET /js/angular-ladda.min.js HTTP/1.1" 304 - "http://localhost:4100/dashboard" "Mozilla/5.0 (Windows NT 10.0; WOW64; rv:55.0) Gecko/20100101 Firefox/55.0"
2017-09-19T03:03:43.908Z - 6220 - verbose: [webui] ::1 - - [19/Sep/2017:03:03:43 +0000] "GET /js/Chart.bundle.js HTTP/1.1" 304 - "http://localhost:4100/dashboard" "Mozilla/5.0 (Windows NT 10.0; WOW64; rv:55.0) Gecko/20100101 Firefox/55.0"
2017-09-19T03:03:43.910Z - 6220 - verbose: [webui] ::1 - - [19/Sep/2017:03:03:43 +0000] "GET /js/angular-chart.js HTTP/1.1" 304 - "http://localhost:4100/dashboard" "Mozilla/5.0 (Windows NT 10.0; WOW64; rv:55.0) Gecko/20100101 Firefox/55.0"
2017-09-19T03:03:43.912Z - 6220 - verbose: [webui] ::1 - - [19/Sep/2017:03:03:43 +0000] "GET /js/socket.io.2.js HTTP/1.1" 304 - "http://localhost:4100/dashboard" "Mozilla/5.0 (Windows NT 10.0; WOW64; rv:55.0) Gecko/20100101 Firefox/55.0"
2017-09-19T03:03:43.921Z - 6220 - verbose: [webui] ::1 - - [19/Sep/2017:03:03:43 +0000] "GET /js/app/webui-app-admin.js HTTP/1.1" 304 - "http://localhost:4100/dashboard" "Mozilla/5.0 (Windows NT 10.0; WOW64; rv:55.0) Gecko/20100101 Firefox/55.0"
2017-09-19T03:03:43.923Z - 6220 - verbose: [webui] ::1 - - [19/Sep/2017:03:03:43 +0000] "GET /js/app/dashboard-controller.js HTTP/1.1" 304 - "http://localhost:4100/dashboard" "Mozilla/5.0 (Windows NT 10.0; WOW64; rv:55.0) Gecko/20100101 Firefox/55.0"
2017-09-19T03:03:43.924Z - 6220 - verbose: [webui] ::1 - - [19/Sep/2017:03:03:43 +0000] "GET /js/app/profile-controller.js HTTP/1.1" 304 - "http://localhost:4100/dashboard" "Mozilla/5.0 (Windows NT 10.0; WOW64; rv:55.0) Gecko/20100101 Firefox/55.0"
2017-09-19T03:03:43.935Z - 6220 - verbose: [webui] ::1 - - [19/Sep/2017:03:03:43 +0000] "GET /js/app/api-explorer-controller.js HTTP/1.1" 304 - "http://localhost:4100/dashboard" "Mozilla/5.0 (Windows NT 10.0; WOW64; rv:55.0) Gecko/20100101 Firefox/55.0"
2017-09-19T03:03:43.937Z - 6220 - verbose: [webui] ::1 - - [19/Sep/2017:03:03:43 +0000] "GET /js/app/streams-controller.js HTTP/1.1" 304 - "http://localhost:4100/dashboard" "Mozilla/5.0 (Windows NT 10.0; WOW64; rv:55.0) Gecko/20100101 Firefox/55.0"
2017-09-19T03:03:43.938Z - 6220 - verbose: [webui] ::1 - - [19/Sep/2017:03:03:43 +0000] "GET /js/app/streams/add/streams-add-ctrl.js HTTP/1.1" 304 - "http://localhost:4100/dashboard" "Mozilla/5.0 (Windows NT 10.0; WOW64; rv:55.0) Gecko/20100101 Firefox/55.0"
2017-09-19T03:03:43.948Z - 6220 - verbose: [webui] ::1 - - [19/Sep/2017:03:03:43 +0000] "GET /js/app/streams/send/streams-send-ctrl.js HTTP/1.1" 304 - "http://localhost:4100/dashboard" "Mozilla/5.0 (Windows NT 10.0; WOW64; rv:55.0) Gecko/20100101 Firefox/55.0"
2017-09-19T03:03:43.950Z - 6220 - verbose: [webui] ::1 - - [19/Sep/2017:03:03:43 +0000] "GET /js/app/streams/fblive/streams-fblive-ctrl.js HTTP/1.1" 304 - "http://localhost:4100/dashboard" "Mozilla/5.0 (Windows NT 10.0; WOW64; rv:55.0) Gecko/20100101 Firefox/55.0"
2017-09-19T03:03:43.952Z - 6220 - verbose: [webui] ::1 - - [19/Sep/2017:03:03:43 +0000] "GET /js/app/streams/youtube/streams-send-youtube-ctrl.js HTTP/1.1" 304 - "http://localhost:4100/dashboard" "Mozilla/5.0 (Windows NT 10.0; WOW64; rv:55.0) Gecko/20100101 Firefox/55.0"
2017-09-19T03:03:43.954Z - 6220 - verbose: [webui] ::1 - - [19/Sep/2017:03:03:43 +0000] "GET /js/app/streams/active/streams-active-ctrl.js HTTP/1.1" 304 - "http://localhost:4100/dashboard" "Mozilla/5.0 (Windows NT 10.0; WOW64; rv:55.0) Gecko/20100101 Firefox/55.0"
2017-09-19T03:03:43.956Z - 6220 - verbose: [webui] ::1 - - [19/Sep/2017:03:03:43 +0000] "GET /js/app/streams/config/streams-config-ctrl.js HTTP/1.1" 304 - "http://localhost:4100/dashboard" "Mozilla/5.0 (Windows NT 10.0; WOW64; rv:55.0) Gecko/20100101 Firefox/55.0"
2017-09-19T03:03:43.958Z - 6220 - verbose: [webui] ::1 - - [19/Sep/2017:03:03:43 +0000] "GET /js/app/streams/vod/streams-vod-ctrl.js HTTP/1.1" 304 - "http://localhost:4100/dashboard" "Mozilla/5.0 (Windows NT 10.0; WOW64; rv:55.0) Gecko/20100101 Firefox/55.0"
2017-09-19T03:03:43.972Z - 6220 - verbose: [webui] ::1 - - [19/Sep/2017:03:03:43 +0000] "GET /images/fav-icon.ico HTTP/1.1" 304 - "-" "Mozilla/5.0 (Windows NT 10.0; WOW64; rv:55.0) Gecko/20100101 Firefox/55.0"
2017-09-19T03:03:44.162Z - 6220 - verbose: [webui] ::1 - - [19/Sep/2017:03:03:44 +0000] "GET /images/evostream-logo-white.svg HTTP/1.1" 304 - "http://localhost:4100/dashboard" "Mozilla/5.0 (Windows NT 10.0; WOW64; rv:55.0) Gecko/20100101 Firefox/55.0"
2017-09-19T03:03:44.163Z - 6220 - verbose: [webui] ::1 - - [19/Sep/2017:03:03:44 +0000] "GET /images/dashboard-logo.png HTTP/1.1" 304 - "http://localhost:4100/dashboard" "Mozilla/5.0 (Windows NT 10.0; WOW64; rv:55.0) Gecko/20100101 Firefox/55.0"
2017-09-19T03:03:44.165Z - 6220 - verbose: [webui] ::1 - - [19/Sep/2017:03:03:44 +0000] "GET /images/stream-logo.png HTTP/1.1" 304 - "http://localhost:4100/dashboard" "Mozilla/5.0 (Windows NT 10.0; WOW64; rv:55.0) Gecko/20100101 Firefox/55.0"
2017-09-19T03:03:44.300Z - 6220 - verbose: [webui] ::1 - - [19/Sep/2017:03:03:44 +0000] "GET /images/terminal-logo.png HTTP/1.1" 304 - "http://localhost:4100/dashboard" "Mozilla/5.0 (Windows NT 10.0; WOW64; rv:55.0) Gecko/20100101 Firefox/55.0"
2017-09-19T03:03:44.303Z - 6220 - verbose: [webui] ::1 - - [19/Sep/2017:03:03:44 +0000] "GET /images/manual.png HTTP/1.1" 304 - "http://localhost:4100/css/admin-style.css" "Mozilla/5.0 (Windows NT 10.0; WOW64; rv:55.0) Gecko/20100101 Firefox/55.0"
2017-09-19T03:03:44.304Z - 6220 - verbose: [webui] ::1 - - [19/Sep/2017:03:03:44 +0000] "GET /images/user.png HTTP/1.1" 304 - "http://localhost:4100/css/admin-style.css" "Mozilla/5.0 (Windows NT 10.0; WOW64; rv:55.0) Gecko/20100101 Firefox/55.0"
2017-09-19T03:03:44.333Z - 6220 - info: [webui] passport: deserialize user
2017-09-19T03:03:44.334Z - 6220 - info: [webui] user-model: finding user - qwerty01.evostream@gmail.com
2017-09-19T03:03:44.335Z - 6220 - verbose: [webui] restirct: checking user authentication
2017-09-19T03:03:44.336Z - 6220 - info: [webui] ems-routes: check-connection
2017-09-19T03:03:44.337Z - 6220 - info: [EMS-API] building the command
2017-09-19T03:03:44.339Z - 6220 - info: [EMS-API] building the query string 
2017-09-19T03:03:44.339Z - 6220 - verbose: [EMS-API] parameters: 
2017-09-19T03:03:44.340Z - 6220 - verbose: [EMS-API] base64 parameters: 
2017-09-19T03:03:44.365Z - 6220 - info: [webui] passport: deserialize user
2017-09-19T03:03:44.365Z - 6220 - info: [webui] user-model: finding user - qwerty01.evostream@gmail.com
2017-09-19T03:03:44.366Z - 6220 - verbose: [webui] restirct: checking user authentication
2017-09-19T03:03:44.366Z - 6220 - info: [webui] ems-routes: check-connection
2017-09-19T03:03:44.367Z - 6220 - info: [EMS-API] building the command
2017-09-19T03:03:44.368Z - 6220 - info: [EMS-API] building the query string 
2017-09-19T03:03:44.368Z - 6220 - verbose: [EMS-API] parameters: 
2017-09-19T03:03:44.369Z - 6220 - verbose: [EMS-API] base64 parameters: 
2017-09-19T03:03:44.410Z - 6220 - verbose: [EMS-API] response: {"data":{"banner":"EvoStream Media Server (www.evostream.com) version 2.0.0 build 5537 with hash: 71a0684913cfcbe6d35c5c16cd7680be2d7a0bad - QBert - (built for Microsoft Windows 10 Pro-10.0.14393-x86_64 on 2017-09-15T11:25:17.000)","branchName":"","buildDate":"2017-09-15T11:25:17.000","buildNumber":"5537","codeName":"QBert","hash":"71a0684913cfcbe6d35c5c16cd7680be2d7a0bad","releaseNumber":"2.0.0"},"description":"Version","status":"SUCCESS"}
2017-09-19T03:03:44.417Z - 6220 - verbose: [EMS-API] response: {"data":{"banner":"EvoStream Media Server (www.evostream.com) version 2.0.0 build 5537 with hash: 71a0684913cfcbe6d35c5c16cd7680be2d7a0bad - QBert - (built for Microsoft Windows 10 Pro-10.0.14393-x86_64 on 2017-09-15T11:25:17.000)","branchName":"","buildDate":"2017-09-15T11:25:17.000","buildNumber":"5537","codeName":"QBert","hash":"71a0684913cfcbe6d35c5c16cd7680be2d7a0bad","releaseNumber":"2.0.0"},"description":"Version","status":"SUCCESS"}
2017-09-19T03:03:44.418Z - 6220 - verbose: [webui] ::1 - - [19/Sep/2017:03:03:44 +0000] "GET /ems/api/check-connection HTTP/1.1" 304 - "http://localhost:4100/dashboard" "Mozilla/5.0 (Windows NT 10.0; WOW64; rv:55.0) Gecko/20100101 Firefox/55.0"
2017-09-19T03:03:44.420Z - 6220 - verbose: [webui] ::1 - - [19/Sep/2017:03:03:44 +0000] "GET /ems/api/check-connection HTTP/1.1" 200 444 "http://localhost:4100/dashboard" "Mozilla/5.0 (Windows NT 10.0; WOW64; rv:55.0) Gecko/20100101 Firefox/55.0"
2017-09-19T03:03:44.432Z - 6220 - info: [webui] passport: deserialize user
2017-09-19T03:03:44.432Z - 6220 - info: [webui] user-model: finding user - qwerty01.evostream@gmail.com
2017-09-19T03:03:44.433Z - 6220 - verbose: [webui] restirct: checking user authentication
2017-09-19T03:03:44.433Z - 6220 - info: [webui] ems-routes: get-license-id
2017-09-19T03:03:44.434Z - 6220 - info: [EMS-API] building the command
2017-09-19T03:03:44.435Z - 6220 - info: [EMS-API] building the query string 
2017-09-19T03:03:44.436Z - 6220 - verbose: [EMS-API] parameters: 
2017-09-19T03:03:44.437Z - 6220 - verbose: [EMS-API] base64 parameters: 
2017-09-19T03:03:44.438Z - 6220 - info: [EMS-API] command url: [SERVERURL]/getLicenseId
2017-09-19T03:03:44.443Z - 6220 - info: [webui] passport: deserialize user
2017-09-19T03:03:44.443Z - 6220 - info: [webui] user-model: finding user - qwerty01.evostream@gmail.com
2017-09-19T03:03:44.444Z - 6220 - verbose: [webui] restirct: checking user authentication
2017-09-19T03:03:44.445Z - 6220 - info: [webui] ems-routes: get-license-id
2017-09-19T03:03:44.445Z - 6220 - info: [EMS-API] building the command
2017-09-19T03:03:44.446Z - 6220 - info: [EMS-API] building the query string 
2017-09-19T03:03:44.446Z - 6220 - verbose: [EMS-API] parameters: 
2017-09-19T03:03:44.447Z - 6220 - verbose: [EMS-API] base64 parameters: 
2017-09-19T03:03:44.447Z - 6220 - info: [EMS-API] command url: [SERVERURL]/getLicenseId
2017-09-19T03:03:44.463Z - 6220 - verbose: [EMS-API] response: {"data":{"licenseId":"827853b1a8ba19b0"},"description":"getLicenseId","status":"SUCCESS"}
2017-09-19T03:03:44.466Z - 6220 - verbose: [webui] ::1 - - [19/Sep/2017:03:03:44 +0000] "GET /ems/api/get-license-id HTTP/1.1" 304 - "http://localhost:4100/dashboard" "Mozilla/5.0 (Windows NT 10.0; WOW64; rv:55.0) Gecko/20100101 Firefox/55.0"
2017-09-19T03:03:44.469Z - 6220 - verbose: [EMS-API] response: {"data":{"licenseId":"827853b1a8ba19b0"},"description":"getLicenseId","status":"SUCCESS"}
2017-09-19T03:03:44.471Z - 6220 - verbose: [webui] ::1 - - [19/Sep/2017:03:03:44 +0000] "GET /ems/api/get-license-id HTTP/1.1" 200 89 "http://localhost:4100/dashboard" "Mozilla/5.0 (Windows NT 10.0; WOW64; rv:55.0) Gecko/20100101 Firefox/55.0"
2017-09-19T03:03:44.521Z - 6220 - info: [webui] passport: deserialize user
2017-09-19T03:03:44.522Z - 6220 - info: [webui] user-model: finding user - qwerty01.evostream@gmail.com
2017-09-19T03:03:44.523Z - 6220 - verbose: [webui] restirct: checking user authentication
2017-09-19T03:03:44.525Z - 6220 - info: [webui] ems-routes: get-inbound-outbound-count
2017-09-19T03:03:44.527Z - 6220 - info: [EMS-API] building the command
2017-09-19T03:03:44.527Z - 6220 - info: [EMS-API] building the query string 
2017-09-19T03:03:44.528Z - 6220 - verbose: [EMS-API] parameters: 
2017-09-19T03:03:44.529Z - 6220 - verbose: [EMS-API] base64 parameters: 
2017-09-19T03:03:44.530Z - 6220 - info: [EMS-API] command url: [SERVERURL]/getStreamsCount
2017-09-19T03:03:44.541Z - 6220 - verbose: [EMS-API] response: {"data":{"streamCount":3},"description":"Active streams count","status":"SUCCESS"}
2017-09-19T03:03:44.544Z - 6220 - info: [EMS-API] building the command
2017-09-19T03:03:44.545Z - 6220 - info: [EMS-API] building the query string 
2017-09-19T03:03:44.545Z - 6220 - verbose: [EMS-API] parameters: 
2017-09-19T03:03:44.546Z - 6220 - verbose: [EMS-API] base64 parameters: 
2017-09-19T03:03:44.546Z - 6220 - info: [EMS-API] command url: [SERVERURL]/getInboundStreamsCount
2017-09-19T03:03:44.558Z - 6220 - verbose: [EMS-API] response: {"data":{"inboundStreamsCount":3},"description":"Inbound stream count","status":"SUCCESS"}
2017-09-19T03:03:44.560Z - 6220 - info: [EMS-API] building the command
2017-09-19T03:03:44.561Z - 6220 - info: [EMS-API] building the query string 
2017-09-19T03:03:44.562Z - 6220 - verbose: [EMS-API] parameters: 
2017-09-19T03:03:44.562Z - 6220 - verbose: [EMS-API] base64 parameters: 
2017-09-19T03:03:44.564Z - 6220 - info: [EMS-API] command url: [SERVERURL]/listStreams
2017-09-19T03:03:44.577Z - 6220 - verbose: [EMS-API] response: "{\"data\":[{\"appName\":\"evostreamms\",\"audio\":{\"aveAudioBitRate\":42465.6000,\"bytesCount\":38434,\"codec\":\"AAAC\",\"codecNumeric\":4702111241970122752,\"currAudioBitRate\":42465.6000,\"droppedBytesCount\":0,\"droppedPacketsCount\":0,\"packetsCount\":107},\"bandwidth\":0,\"connectionType\":1,\"creationTimestamp\":1505790218725.9810,\"edgePid\":0,\"farIp\":\"107.21.107.19\",\"farPort\":1935,\"ip\":\"192.168.2.196\",\"name\":\"3\",\"nearIp\":\"192.168.2.196\",\"nearPort\":65413,\"outStreamsUniqueIds\":null,\"pageUrl\":\"\",\"port\":65413,\"processId\":7424,\"processType\":\"origin\",\"pullSettings\":{\"_callback\":null,\"audioCodecBytes\":\"\",\"configId\":3,\"emulateUserAgent\":\"EvoStream Media Server (www.evostream.com) player\",\"forceTcp\":false,\"httpProxy\":\"\",\"httpStreamType\":\"ts\",\"isAudio\":true,\"keepAlive\":true,\"localStreamName\":\"3\",\"operationType\":1,\"pageUrl\":\"\",\"ppsBytes\":\"\",\"rangeEnd\":-1,\"rangeStart\":-2,\"rtcpDetectionInterval\":10,\"saveToConfig\":true,\"sendDummyPayload\":false,\"sendRenewStream\":false,\"spsBytes\":\"\",\"ssmIp\":\"\",\"swfUrl\":\"\",\"tcUrl\":\"\",\"tos\":256,\"ttl\":256,\"uri\":\"rtmp:\\/\\/webcasting.thefloridachannel.org\\/live\\/tvweb1\",\"videoSourceIndex\":\"high\"},\"queryTimestamp\":1505790224573.7690,\"serverAgent\":\"FMS\\/3,5,7,7009\",\"swfUrl\":\"rtmp:\\/\\/webcasting.thefloridachannel.org\\/live\\/tvweb1\",\"tcUrl\":\"rtmp:\\/\\/webcasting.thefloridachannel.org\\/live\\/tvweb1\",\"type\":\"INR\",\"typeNumeric\":5282249572905648128,\"uniqueId\":1,\"upTime\":5847.7881,\"video\":{\"aveFrameRate\":20.4000,\"aveKeyFramesPerSec\":0.8000,\"aveVideoBitRate\":343936.0000,\"bytesCount\":300110,\"codec\":\"VH264\",\"codecNumeric\":6217274493967007744,\"currFrameRate\":20.4000,\"currKeyFramesPerSec\":0.8000,\"currVideoBitRate\":343936.0000,\"droppedBytesCount\":0,\"droppedPacketsCount\":0,\"height\":480,\"level\":30,\"packetsCount\":179,\"profile\":77,\"width\":720}},{\"appName\":\"evostreamms\",\"audio\":{\"aveAudioBitRate\":44705.6000,\"bytesCount\":38775,\"codec\":\"AAAC\",\"codecNumeric\":4702111241970122752,\"currAudioBitRate\":44705.6000,\"droppedBytesCount\":0,\"droppedPacketsCount\":0,\"packetsCount\":108},\"bandwidth\":0,\"connectionType\":1,\"creationTimestamp\":1505790218725.9810,\"edgePid\":0,\"farIp\":\"107.21.107.19\",\"farPort\":1935,\"ip\":\"192.168.2.196\",\"name\":\"2\",\"nearIp\":\"192.168.2.196\",\"nearPort\":65412,\"outStreamsUniqueIds\":null,\"pageUrl\":\"\",\"port\":65412,\"processId\":7424,\"processType\":\"origin\",\"pullSettings\":{\"_callback\":null,\"audioCodecBytes\":\"\",\"configId\":2,\"emulateUserAgent\":\"EvoStream Media Server (www.evostream.com) player\",\"forceTcp\":false,\"httpProxy\":\"\",\"httpStreamType\":\"ts\",\"isAudio\":true,\"keepAlive\":true,\"localStreamName\":\"2\",\"operationType\":1,\"pageUrl\":\"\",\"ppsBytes\":\"\",\"rangeEnd\":-1,\"rangeStart\":-2,\"rtcpDetectionInterval\":10,\"saveToConfig\":true,\"sendDummyPayload\":false,\"sendRenewStr"
2017-09-19T03:03:44.580Z - 6220 - verbose: [webui] ::1 - - [19/Sep/2017:03:03:44 +0000] "GET /ems/api/get-inbound-outbound-count HTTP/1.1" 304 - "http://localhost:4100/dashboard" "Mozilla/5.0 (Windows NT 10.0; WOW64; rv:55.0) Gecko/20100101 Firefox/55.0"
2017-09-19T03:03:44.585Z - 6220 - info: [webui] passport: deserialize user
2017-09-19T03:03:44.588Z - 6220 - info: [webui] user-model: finding user - qwerty01.evostream@gmail.com
2017-09-19T03:03:44.589Z - 6220 - verbose: [webui] restirct: checking user authentication
2017-09-19T03:03:44.590Z - 6220 - info: [webui] ems-routes: get-inbound-outbound-count
2017-09-19T03:03:44.591Z - 6220 - info: [EMS-API] building the command
2017-09-19T03:03:44.592Z - 6220 - info: [EMS-API] building the query string 
2017-09-19T03:03:44.592Z - 6220 - verbose: [EMS-API] parameters: 
2017-09-19T03:03:44.593Z - 6220 - verbose: [EMS-API] base64 parameters: 
2017-09-19T03:03:44.593Z - 6220 - info: [EMS-API] command url: [SERVERURL]/getStreamsCount
2017-09-19T03:03:45.605Z - 6220 - error: [EMS-API] response failed: {"name":"RequestError","message":"Error: connect ECONNREFUSED 127.0.0.1:8888","cause":{"code":"ECONNREFUSED","errno":"ECONNREFUSED","syscall":"connect","address":"127.0.0.1","port":8888},"error":{"code":"ECONNREFUSED","errno":"ECONNREFUSED","syscall":"connect","address":"127.0.0.1","port":8888},"options":{"url":"http://username:password@127.0.0.1:8888/apiproxy/getStreamsCount","method":"GET","headers":{"Accept":"text/html,application/xhtml+xml,application/xml;q=0.9,*/*;q=0.8","Accept-Encoding":"gzip, deflate","User-Agent":"Request-Promise"},"json":true,"simple":true,"resolveWithFullResponse":false,"transform2xxOnly":false}}
2017-09-19T03:03:45.901Z - 6220 - verbose: [webui] ::1 - - [19/Sep/2017:03:03:45 +0000] "GET /ems/api/get-inbound-outbound-count HTTP/1.1" - - "http://localhost:4100/dashboard" "Mozilla/5.0 (Windows NT 10.0; WOW64; rv:55.0) Gecko/20100101 Firefox/55.0"
2017-09-19T03:03:45.905Z - 6220 - info: [webui] passport: deserialize user
2017-09-19T03:03:45.905Z - 6220 - info: [webui] user-model: finding user - qwerty01.evostream@gmail.com
2017-09-19T03:03:45.906Z - 6220 - verbose: [webui] restirct: checking user authentication
2017-09-19T03:03:45.908Z - 6220 - info: [webui] api-explorer: index page
2017-09-19T03:03:45.909Z - 6220 - info: [EMS-API] building the command
2017-09-19T03:03:45.909Z - 6220 - info: [EMS-API] building the query string 
2017-09-19T03:03:45.910Z - 6220 - verbose: [EMS-API] parameters: 
2017-09-19T03:03:45.911Z - 6220 - verbose: [EMS-API] base64 parameters: 
2017-09-19T03:03:46.943Z - 6220 - error: [EMS-API] response failed: {"name":"RequestError","message":"Error: connect ECONNREFUSED 127.0.0.1:8888","cause":{"code":"ECONNREFUSED","errno":"ECONNREFUSED","syscall":"connect","address":"127.0.0.1","port":8888},"error":{"code":"ECONNREFUSED","errno":"ECONNREFUSED","syscall":"connect","address":"127.0.0.1","port":8888},"options":{"url":"http://username:password@127.0.0.1:8888/apiproxy/version","method":"GET","headers":{"Accept":"text/html,application/xhtml+xml,application/xml;q=0.9,*/*;q=0.8","Accept-Encoding":"gzip, deflate","User-Agent":"Request-Promise"},"json":true,"simple":true,"resolveWithFullResponse":false,"transform2xxOnly":false}}
2017-09-19T03:03:54.476Z - 6220 - info: [webui] passport: deserialize user
2017-09-19T03:03:54.478Z - 6220 - info: [webui] user-model: finding user - qwerty01.evostream@gmail.com
2017-09-19T03:03:54.479Z - 6220 - verbose: [webui] restirct: checking user authentication
2017-09-19T03:03:54.480Z - 6220 - info: [webui] ems-routes: check-connection
2017-09-19T03:03:54.481Z - 6220 - info: [EMS-API] building the command
2017-09-19T03:03:54.482Z - 6220 - info: [EMS-API] building the query string 
2017-09-19T03:03:54.483Z - 6220 - verbose: [EMS-API] parameters: 
2017-09-19T03:03:54.484Z - 6220 - verbose: [EMS-API] base64 parameters: 
2017-09-19T03:03:54.489Z - 6220 - info: [webui] passport: deserialize user
2017-09-19T03:03:54.490Z - 6220 - info: [webui] user-model: finding user - qwerty01.evostream@gmail.com
2017-09-19T03:03:54.491Z - 6220 - verbose: [webui] restirct: checking user authentication
2017-09-19T03:03:54.492Z - 6220 - info: [webui] ems-routes: check-connection
2017-09-19T03:03:54.492Z - 6220 - info: [EMS-API] building the command
2017-09-19T03:03:54.493Z - 6220 - info: [EMS-API] building the query string 
2017-09-19T03:03:54.494Z - 6220 - verbose: [EMS-API] parameters: 
2017-09-19T03:03:54.494Z - 6220 - verbose: [EMS-API] base64 parameters: 
2017-09-19T03:03:55.521Z - 6220 - error: [EMS-API] response failed: {"name":"RequestError","message":"Error: connect ECONNREFUSED 127.0.0.1:8888","cause":{"code":"ECONNREFUSED","errno":"ECONNREFUSED","syscall":"connect","address":"127.0.0.1","port":8888},"error":{"code":"ECONNREFUSED","errno":"ECONNREFUSED","syscall":"connect","address":"127.0.0.1","port":8888},"options":{"url":"http://username:password@127.0.0.1:8888/apiproxy/version","method":"GET","headers":{"Accept":"text/html,application/xhtml+xml,application/xml;q=0.9,*/*;q=0.8","Accept-Encoding":"gzip, deflate","User-Agent":"Request-Promise"},"json":true,"simple":true,"resolveWithFullResponse":false,"transform2xxOnly":false}}
2017-09-19T03:03:55.523Z - 6220 - error: [EMS-API] response failed: {"name":"RequestError","message":"Error: connect ECONNREFUSED 127.0.0.1:8888","cause":{"code":"ECONNREFUSED","errno":"ECONNREFUSED","syscall":"connect","address":"127.0.0.1","port":8888},"error":{"code":"ECONNREFUSED","errno":"ECONNREFUSED","syscall":"connect","address":"127.0.0.1","port":8888},"options":{"url":"http://username:password@127.0.0.1:8888/apiproxy/version","method":"GET","headers":{"Accept":"text/html,application/xhtml+xml,application/xml;q=0.9,*/*;q=0.8","Accept-Encoding":"gzip, deflate","User-Agent":"Request-Promise"},"json":true,"simple":true,"resolveWithFullResponse":false,"transform2xxOnly":false}}
