1481813964090:24879 - verbose: index winston setup 
1481813964099:24879 - verbose: [webui] function logger(req, res, next) {
    // request data
    req._startAt = undefined
    req._startTime = undefined
    req._remoteAddress = getip(req)

    // response data
    res._startAt = undefined
    res._startTime = undefined

    // record request start
    recordStartTime.call(req)

    function logRequest() {
      if (skip !== false && skip(req, res)) {
        debug('skip request')
        return
      }

      var line = formatLine(morgan, req, res)

      if (null == line) {
        debug('skip line')
        return
      }

      debug('log request')
      stream.write(line + '\n')
    };

    if (immediate) {
      // immediate log
      logRequest()
    } else {
      // record response start
      onHeaders(res, recordStartTime)

      // log when response finished
      onFinished(res, logRequest)
    }

    next();
  }
