1481813849114:24722 - verbose: index winston setup 
1481813849124:24722 - verbose: [webui] function logger(req, res, next) {
    // request data
    req._startAt = undefined
    req._startTime = undefined
    req._remoteAddress = getip(req)

    // response data
    res._startAt = undefined
    res._startTime = undefined

    // record request start
    recordStartTime.call(req)

    function logRequest() {
      if (skip !== false && skip(req, res)) {
        debug('skip request')
        return
      }

      var line = formatLine(morgan, req, res)

      if (null == line) {
        debug('skip line')
        return
      }

      debug('log request')
      stream.write(line + '\n')
    };

    if (immediate) {
      // immediate log
      logRequest()
    } else {
      // record response start
      onHeaders(res, recordStartTime)

      // log when response finished
      onFinished(res, logRequest)
    }

    next();
  }
1481813849135:24722 - error: uncaughtException: app.use() requires middleware functions date=Thu Dec 15 2016 14:57:29 GMT+0000 (UTC), pid=24722, uid=0, gid=0, cwd=/var/node/ems_web_ui, execPath=/usr/local/bin/node, version=v4.1.1, argv=[/usr/local/bin/node, /var/node/ems_web_ui/bin/www], rss=39809024, heapTotal=32985856, heapUsed=17651064, loadavg=[0.0029296875, 0.02734375, 0.04541015625], uptime=13685082, trace=[column=11, file=/var/node/ems_web_ui/node_modules/express/lib/application.js, function=EventEmitter.use, line=209, method=use, native=false, column=5, file=/var/node/ems_web_ui/app.js, function=, line=111, method=null, native=false, column=26, file=module.js, function=Module._compile, line=434, method=_compile, native=false, column=10, file=module.js, function=Object.Module._extensions..js, line=452, method=Module._extensions..js, native=false, column=32, file=module.js, function=Module.load, line=355, method=load, native=false, column=12, file=module.js, function=Function.Module._load, line=310, method=Module._load, native=false, column=17, file=module.js, function=Module.require, line=365, method=require, native=false, column=17, file=module.js, function=require, line=384, method=null, native=false, column=11, file=/var/node/ems_web_ui/bin/www, function=, line=7, method=null, native=false, column=26, file=module.js, function=Module._compile, line=434, method=_compile, native=false], stack=[TypeError: app.use() requires middleware functions,     at EventEmitter.use (/var/node/ems_web_ui/node_modules/express/lib/application.js:209:11),     at Object.<anonymous> (/var/node/ems_web_ui/app.js:111:5),     at Module._compile (module.js:434:26),     at Object.Module._extensions..js (module.js:452:10),     at Module.load (module.js:355:32),     at Function.Module._load (module.js:310:12),     at Module.require (module.js:365:17),     at require (module.js:384:17),     at Object.<anonymous> (/var/node/ems_web_ui/bin/www:7:11),     at Module._compile (module.js:434:26)]
1481813849142:24722 - error: [webui] UNCAUGHT EXCEPTION 
1481813849142:24722 - error: [webui] [Inside 'uncaughtException' event] TypeError: app.use() requires middleware functions
    at EventEmitter.use (/var/node/ems_web_ui/node_modules/express/lib/application.js:209:11)
    at Object.<anonymous> (/var/node/ems_web_ui/app.js:111:5)
    at Module._compile (module.js:434:26)
    at Object.Module._extensions..js (module.js:452:10)
    at Module.load (module.js:355:32)
    at Function.Module._load (module.js:310:12)
    at Module.require (module.js:365:17)
    at require (module.js:384:17)
    at Object.<anonymous> (/var/node/ems_web_ui/bin/www:7:11)
    at Module._compile (module.js:434:26)
