2017-09-19T03:13:06.951Z - 3088 - verbose: [webui] starting app 
2017-09-19T03:13:07.112Z - 3088 - info: [webui] socket_io: updating liststreams table 
2017-09-19T03:13:07.113Z - 3088 - info: [webui] stream-service: updateListStreamsTable 
2017-09-19T03:13:07.116Z - 3088 - info: [webui] list-streams: updating data 
2017-09-19T03:13:07.117Z - 3088 - info: [EMS-API] building the command
2017-09-19T03:13:07.118Z - 3088 - info: [EMS-API] building the query string 
2017-09-19T03:13:07.118Z - 3088 - verbose: [EMS-API] parameters: 
2017-09-19T03:13:07.119Z - 3088 - verbose: [EMS-API] base64 parameters: 
2017-09-19T03:13:07.120Z - 3088 - info: [EMS-API] command url: [SERVERURL]/listStreams
2017-09-19T03:13:07.159Z - 3088 - verbose: [webui] restirct: checking user authentication
2017-09-19T03:13:07.168Z - 3088 - verbose: [webui] ::1 - - [19/Sep/2017:03:13:07 +0000] "GET /ems/api/check-connection HTTP/1.1" 302 23 "http://localhost:4100/streams" "Mozilla/5.0 (Windows NT 10.0; WOW64; rv:55.0) Gecko/20100101 Firefox/55.0"
2017-09-19T03:13:07.185Z - 3088 - verbose: [webui] restirct: checking user authentication
2017-09-19T03:13:07.188Z - 3088 - info: [webui] index-routes: index page
2017-09-19T03:13:07.190Z - 3088 - info: [webui] index-routes: count user
2017-09-19T03:13:07.190Z - 3088 - info: [webui] user-model: counting user
2017-09-19T03:13:07.192Z - 3088 - verbose: [webui] ::1 - - [19/Sep/2017:03:13:07 +0000] "GET /ems/api/check-connection HTTP/1.1" 302 23 "http://localhost:4100/streams" "Mozilla/5.0 (Windows NT 10.0; WOW64; rv:55.0) Gecko/20100101 Firefox/55.0"
2017-09-19T03:13:07.198Z - 3088 - info: [webui] index-routes: index page
2017-09-19T03:13:07.198Z - 3088 - info: [webui] index-routes: count user
2017-09-19T03:13:07.198Z - 3088 - info: [webui] user-model: counting user
2017-09-19T03:13:07.204Z - 3088 - info: [webui] user-model: user count - 1
2017-09-19T03:13:07.209Z - 3088 - verbose: [webui] ::1 - - [19/Sep/2017:03:13:07 +0000] "GET / HTTP/1.1" 302 27 "http://localhost:4100/streams" "Mozilla/5.0 (Windows NT 10.0; WOW64; rv:55.0) Gecko/20100101 Firefox/55.0"
2017-09-19T03:13:07.222Z - 3088 - verbose: [webui] list-streams: inboundRowCollection [{"streamId":1,"streamFormat":"PULL","localStreamName":"1","sourceURI":"rtmp://webcasting.thefloridachannel.org/live/tvweb1","audioCodec":"AAAC","videoCodec":"VH264"},{"streamId":2,"streamFormat":"PULL","localStreamName":"2","sourceURI":"rtmp://webcasting.thefloridachannel.org/live/tvweb1","audioCodec":"AAAC","videoCodec":"VH264"},{"streamId":3,"streamFormat":"PULL","localStreamName":"3","sourceURI":"rtmp://webcasting.thefloridachannel.org/live/tvweb1","audioCodec":"AAAC","videoCodec":"VH264"},{"streamId":13,"streamFormat":"PULL","localStreamName":"4","sourceURI":"rtmp://webcasting.thefloridachannel.org/live/tvweb1","audioCodec":"AAAC","videoCodec":"VH264"},{"streamId":14,"streamFormat":"PULL","localStreamName":"5","sourceURI":"rtmp://webcasting.thefloridachannel.org/live/tvweb1","audioCodec":"AAAC","videoCodec":"VH264"}]
2017-09-19T03:13:07.223Z - 3088 - verbose: [webui] list-streams: outboundRowCollection []
2017-09-19T03:13:07.223Z - 3088 - verbose: [webui] list-streams: httpRowCollection [{"streamId":4,"streamFormat":"DASH","sourceStreamName":"1","groupName":"d01","audioCodec":"AAAC","videoCodec":"VH264"},{"streamId":7,"streamFormat":"DASH","sourceStreamName":"2","groupName":"d02","audioCodec":"AAAC","videoCodec":"VH264"},{"streamId":10,"streamFormat":"DASH","sourceStreamName":"1","groupName":"d011","audioCodec":"AAAC","videoCodec":"VH264"}]
2017-09-19T03:13:07.223Z - 3088 - info: [webui] list-streams: data added - {"inbound":{"rowCollection":[{"streamId":1,"streamFormat":"PULL","localStreamName":"1","sourceURI":"rtmp://webcasting.thefloridachannel.org/live/tvweb1","audioCodec":"AAAC","videoCodec":"VH264"},{"streamId":2,"streamFormat":"PULL","localStreamName":"2","sourceURI":"rtmp://webcasting.thefloridachannel.org/live/tvweb1","audioCodec":"AAAC","videoCodec":"VH264"},{"streamId":3,"streamFormat":"PULL","localStreamName":"3","sourceURI":"rtmp://webcasting.thefloridachannel.org/live/tvweb1","audioCodec":"AAAC","videoCodec":"VH264"},{"streamId":13,"streamFormat":"PULL","localStreamName":"4","sourceURI":"rtmp://webcasting.thefloridachannel.org/live/tvweb1","audioCodec":"AAAC","videoCodec":"VH264"},{"streamId":14,"streamFormat":"PULL","localStreamName":"5","sourceURI":"rtmp://webcasting.thefloridachannel.org/live/tvweb1","audioCodec":"AAAC","videoCodec":"VH264"}]},"outbound":{"rowCollection":[]},"http":{"rowCollection":[{"streamId":4,"streamFormat":"DASH","sourceStreamName":"1","groupName":"d01","audioCodec":"AAAC","videoCodec":"VH264"},{"streamId":7,"streamFormat":"DASH","sourceStreamName":"2","groupName":"d02","audioCodec":"AAAC","videoCodec":"VH264"},{"streamId":10,"streamFormat":"DASH","sourceStreamName":"1","groupName":"d011","audioCodec":"AAAC","videoCodec":"VH264"}]}}
2017-09-19T03:13:07.224Z - 3088 - verbose: [webui] socket_io: sending startListstreamsMap event response: {"inbound":{"rowCollection":[{"streamId":1,"streamFormat":"PULL","localStreamName":"1","sourceURI":"rtmp://webcasting.thefloridachannel.org/live/tvweb1","audioCodec":"AAAC","videoCodec":"VH264"},{"streamId":2,"streamFormat":"PULL","localStreamName":"2","sourceURI":"rtmp://webcasting.thefloridachannel.org/live/tvweb1","audioCodec":"AAAC","videoCodec":"VH264"},{"streamId":3,"streamFormat":"PULL","localStreamName":"3","sourceURI":"rtmp://webcasting.thefloridachannel.org/live/tvweb1","audioCodec":"AAAC","videoCodec":"VH264"},{"streamId":13,"streamFormat":"PULL","localStreamName":"4","sourceURI":"rtmp://webcasting.thefloridachannel.org/live/tvweb1","audioCodec":"AAAC","videoCodec":"VH264"},{"streamId":14,"streamFormat":"PULL","localStreamName":"5","sourceURI":"rtmp://webcasting.thefloridachannel.org/live/tvweb1","audioCodec":"AAAC","videoCodec":"VH264"}]},"outbound":{"rowCollection":[]},"http":{"rowCollection":[{"streamId":4,"streamFormat":"DASH","sourceStreamName":"1","groupName":"d01","audioCodec":"AAAC","videoCodec":"VH264"},{"streamId":7,"streamFormat":"DASH","sourceStreamName":"2","groupName":"d02","audioCodec":"AAAC","videoCodec":"VH264"},{"streamId":10,"streamFormat":"DASH","sourceStreamName":"1","groupName":"d011","audioCodec":"AAAC","videoCodec":"VH264"}]}}
2017-09-19T03:13:07.232Z - 3088 - info: [webui] socket_io: updating listconfig table 
2017-09-19T03:13:07.233Z - 3088 - info: [webui] stream-service: updateListConfigTable 
2017-09-19T03:13:07.233Z - 3088 - info: [webui] stream-service: updateListConfigTable data null
2017-09-19T03:13:07.234Z - 3088 - info: [webui] list-config: updating data 
2017-09-19T03:13:07.235Z - 3088 - info: [EMS-API] building the command
2017-09-19T03:13:07.235Z - 3088 - info: [EMS-API] building the query string 
2017-09-19T03:13:07.235Z - 3088 - verbose: [EMS-API] parameters: 
2017-09-19T03:13:07.235Z - 3088 - verbose: [EMS-API] base64 parameters: 
2017-09-19T03:13:07.235Z - 3088 - info: [EMS-API] command url: [SERVERURL]/listConfig
2017-09-19T03:13:07.244Z - 3088 - info: [webui] index-routes: login user 
2017-09-19T03:13:07.244Z - 3088 - info: [webui] user-model: counting user
2017-09-19T03:13:07.254Z - 3088 - info: [webui] list-config:  data added - {"dash":{"rowCollection":[{"configId":4,"localStreamName":"1","groupName":"d01"},{"configId":5,"localStreamName":"2","groupName":"d02"},{"configId":6,"localStreamName":"1","groupName":"d011"}]},"hds":{"rowCollection":[]},"hls":{"rowCollection":[]},"metalistener":{"rowCollection":[]},"mss":{"rowCollection":[]},"process":{"rowCollection":[]},"pull":{"rowCollection":[{"configId":1,"localStreamName":"1","sourceURI":"rtmp://webcasting.thefloridachannel.org/live/tvweb1"},{"configId":2,"localStreamName":"2","sourceURI":"rtmp://webcasting.thefloridachannel.org/live/tvweb1"},{"configId":3,"localStreamName":"3","sourceURI":"rtmp://webcasting.thefloridachannel.org/live/tvweb1"},{"configId":7,"localStreamName":"4","sourceURI":"rtmp://webcasting.thefloridachannel.org/live/tvweb1"},{"configId":8,"localStreamName":"5","sourceURI":"rtmp://webcasting.thefloridachannel.org/live/tvweb1"}]},"pushEms":{"rowCollection":[]},"record":{"rowCollection":[]},"webrtc":{"rowCollection":[]}}
2017-09-19T03:13:07.255Z - 3088 - verbose: [webui] socket_io: sending startListconfigMap event response: {"dash":{"rowCollection":[{"configId":4,"localStreamName":"1","groupName":"d01"},{"configId":5,"localStreamName":"2","groupName":"d02"},{"configId":6,"localStreamName":"1","groupName":"d011"}]},"hds":{"rowCollection":[]},"hls":{"rowCollection":[]},"metalistener":{"rowCollection":[]},"mss":{"rowCollection":[]},"process":{"rowCollection":[]},"pull":{"rowCollection":[{"configId":1,"localStreamName":"1","sourceURI":"rtmp://webcasting.thefloridachannel.org/live/tvweb1"},{"configId":2,"localStreamName":"2","sourceURI":"rtmp://webcasting.thefloridachannel.org/live/tvweb1"},{"configId":3,"localStreamName":"3","sourceURI":"rtmp://webcasting.thefloridachannel.org/live/tvweb1"},{"configId":7,"localStreamName":"4","sourceURI":"rtmp://webcasting.thefloridachannel.org/live/tvweb1"},{"configId":8,"localStreamName":"5","sourceURI":"rtmp://webcasting.thefloridachannel.org/live/tvweb1"}]},"pushEms":{"rowCollection":[]},"record":{"rowCollection":[]},"webrtc":{"rowCollection":[]}}
2017-09-19T03:13:19.441Z - 3088 - verbose: [webui] ::1 - - [19/Sep/2017:03:13:19 +0000] "GET /login HTTP/1.1" - - "http://localhost:4100/streams" "Mozilla/5.0 (Windows NT 10.0; WOW64; rv:55.0) Gecko/20100101 Firefox/55.0"
2017-09-19T03:13:19.453Z - 3088 - info: [webui] index-routes: index page
2017-09-19T03:13:19.453Z - 3088 - info: [webui] index-routes: count user
2017-09-19T03:13:19.454Z - 3088 - info: [webui] user-model: counting user
2017-09-19T03:15:07.204Z - 3088 - verbose: [webui] ::1 - - [19/Sep/2017:03:15:07 +0000] "GET / HTTP/1.1" - - "http://localhost:4100/streams" "Mozilla/5.0 (Windows NT 10.0; WOW64; rv:55.0) Gecko/20100101 Firefox/55.0"
2017-09-19T03:15:07.210Z - 3088 - info: [webui] index-routes: index page
2017-09-19T03:15:07.211Z - 3088 - info: [webui] index-routes: count user
2017-09-19T03:15:07.211Z - 3088 - info: [webui] user-model: counting user
2017-09-19T03:15:19.467Z - 3088 - verbose: [webui] ::1 - - [19/Sep/2017:03:15:19 +0000] "GET / HTTP/1.1" - - "http://localhost:4100/streams" "Mozilla/5.0 (Windows NT 10.0; WOW64; rv:55.0) Gecko/20100101 Firefox/55.0"
2017-09-19T03:15:19.476Z - 3088 - info: [webui] index-routes: index page
2017-09-19T03:15:19.477Z - 3088 - info: [webui] index-routes: count user
2017-09-19T03:15:19.478Z - 3088 - info: [webui] user-model: counting user
